This file contains any messages produced by compilers while
running configure, to aid debugging if configure makes a mistake.

It was created by cpplib configure  , which was
generated by GNU Autoconf 2.59.  Invocation command line was

  $ /Users/meghna/desktop/cs161/cs161-gcc-1.5/gcc-4.1.2+cs161/libcpp/configure --cache-file=./config.cache --build=i386-apple-darwin18.6.0 --host=i386-apple-darwin18.6.0 --target=mips-linux --with-stabs --nfp --disable-shared --disable-threads --disable-libmudflap --disable-libssp --prefix=/Users/meghna/cs161/tools --enable-languages=c --program-transform-name=s,^,mips-linux-,;  --srcdir=/Users/meghna/desktop/cs161/cs161-gcc-1.5/./gcc-4.1.2+cs161/libcpp

## --------- ##
## Platform. ##
## --------- ##

hostname = Meghnas-MacBook-Pro-2.local
uname -m = x86_64
uname -r = 18.6.0
uname -s = Darwin
uname -v = Darwin Kernel Version 18.6.0: Thu Apr 25 23:16:27 PDT 2019; root:xnu-4903.261.4~2/RELEASE_X86_64

/usr/bin/uname -p = i386
/bin/uname -X     = unknown

/bin/arch              = unknown
/usr/bin/arch -k       = unknown
/usr/convex/getsysinfo = unknown
hostinfo               = Mach kernel version:
	 Darwin Kernel Version 18.6.0: Thu Apr 25 23:16:27 PDT 2019; root:xnu-4903.261.4~2/RELEASE_X86_64
Kernel configured for up to 4 processors.
2 processors are physically available.
4 processors are logically available.
Processor type: x86_64h (Intel x86-64h Haswell)
Processors active: 0 1 2 3
Primary memory available: 16.00 gigabytes
Default processor set: 479 tasks, 2511 threads, 4 processors
Load average: 3.57, Mach factor: 0.95
/bin/machine           = unknown
/usr/bin/oslevel       = unknown
/bin/universe          = unknown

PATH: /Users/meghna/cs161/bin
PATH: /Users/meghna/cs161/bin
PATH: /Users/meghna/anaconda3/bin
PATH: /anaconda3/bin
PATH: /usr/local/fsl/bin
PATH: /Library/Frameworks/Python.framework/Versions/3.6/bin
PATH: /usr/local/bin
PATH: /usr/bin
PATH: /bin
PATH: /usr/sbin
PATH: /sbin
PATH: /opt/X11/bin
PATH: /Users/meghna/cs161/tools/bin


## ----------- ##
## Core tests. ##
## ----------- ##

configure:1234: creating cache ./config.cache
configure:1365: checking build system type
configure:1383: result: i386-apple-darwin18.6.0
configure:1391: checking host system type
configure:1405: result: i386-apple-darwin18.6.0
configure:1413: checking target system type
configure:1427: result: mips-unknown-linux-gnu
configure:1443: checking whether make sets $(MAKE)
configure:1463: result: yes
configure:1485: checking for a BSD-compatible install
configure:1540: result: /usr/bin/install -c
configure:1559: checking for i386-apple-darwin18.6.0-gcc
configure:1585: result: gcc
configure:1867: checking for C compiler version
configure:1870: gcc --version </dev/null >&5
Configured with: --prefix=/Library/Developer/CommandLineTools/usr --with-gxx-include-dir=/Library/Developer/CommandLineTools/SDKs/MacOSX10.14.sdk/usr/include/c++/4.2.1
Apple LLVM version 10.0.1 (clang-1001.0.46.4)
Target: x86_64-apple-darwin18.6.0
Thread model: posix
InstalledDir: /Library/Developer/CommandLineTools/usr/bin
configure:1873: $? = 0
configure:1875: gcc -v </dev/null >&5
Configured with: --prefix=/Library/Developer/CommandLineTools/usr --with-gxx-include-dir=/Library/Developer/CommandLineTools/SDKs/MacOSX10.14.sdk/usr/include/c++/4.2.1
Apple LLVM version 10.0.1 (clang-1001.0.46.4)
Target: x86_64-apple-darwin18.6.0
Thread model: posix
InstalledDir: /Library/Developer/CommandLineTools/usr/bin
configure:1878: $? = 0
configure:1880: gcc -V </dev/null >&5
clang: error: unsupported option '-V -Wno-atomic-implicit-seq-cst'
clang: error: no input files
configure:1883: $? = 1
configure:1906: checking for C compiler default output file name
configure:1909: gcc -g -O2 -Wno-error    conftest.c  >&5
configure:1912: $? = 0
configure:1958: result: a.out
configure:1963: checking whether the C compiler works
configure:1969: ./a.out
configure:1972: $? = 0
configure:1989: result: yes
configure:1996: checking whether we are cross compiling
configure:1998: result: no
configure:2001: checking for suffix of executables
configure:2003: gcc -o conftest -g -O2 -Wno-error    conftest.c  >&5
configure:2006: $? = 0
configure:2031: result: 
configure:2037: checking for suffix of object files
configure:2058: gcc -c -g -O2 -Wno-error   conftest.c >&5
configure:2061: $? = 0
configure:2083: result: o
configure:2087: checking whether we are using the GNU C compiler
configure:2111: gcc -c -g -O2 -Wno-error   conftest.c >&5
configure:2117: $? = 0
configure:2121: test -z 
			 || test ! -s conftest.err
configure:2124: $? = 0
configure:2127: test -s conftest.o
configure:2130: $? = 0
configure:2143: result: yes
configure:2149: checking whether gcc accepts -g
configure:2170: gcc -c -g  conftest.c >&5
configure:2176: $? = 0
configure:2180: test -z 
			 || test ! -s conftest.err
configure:2183: $? = 0
configure:2186: test -s conftest.o
configure:2189: $? = 0
configure:2200: result: yes
configure:2217: checking for gcc option to accept ANSI C
configure:2287: gcc  -c -g -O2 -Wno-error   conftest.c >&5
configure:2293: $? = 0
configure:2297: test -z 
			 || test ! -s conftest.err
configure:2300: $? = 0
configure:2303: test -s conftest.o
configure:2306: $? = 0
configure:2324: result: none needed
configure:2342: gcc -c -g -O2 -Wno-error   conftest.c >&5
conftest.c:2:3: error: unknown type name 'choke'
  choke me
  ^
conftest.c:2:11: error: expected ';' after top level declarator
  choke me
          ^
          ;
2 errors generated.
configure:2348: $? = 1
configure: failed program was:
| #ifndef __cplusplus
|   choke me
| #endif
configure:2484: checking for i386-apple-darwin18.6.0-ranlib
configure:2510: result: ranlib
configure:2567: checking for aclocal
configure:2596: result: no
configure:2608: checking for autoconf
configure:2637: result: no
configure:2649: checking for autoheader
configure:2678: result: no
configure:2698: checking whether gcc supports -W
configure:2720: gcc -c -W  conftest.c >&5
configure:2726: $? = 0
configure:2730: test -z 
			 || test ! -s conftest.err
configure:2733: $? = 0
configure:2736: test -s conftest.o
configure:2739: $? = 0
configure:2751: result: yes
configure:2698: checking whether gcc supports -Wall
configure:2720: gcc -c -Wall  conftest.c >&5
configure:2726: $? = 0
configure:2730: test -z 
			 || test ! -s conftest.err
configure:2733: $? = 0
configure:2736: test -s conftest.o
configure:2739: $? = 0
configure:2751: result: yes
configure:2698: checking whether gcc supports -Wwrite-strings
configure:2720: gcc -c -Wwrite-strings  conftest.c >&5
configure:2726: $? = 0
configure:2730: test -z 
			 || test ! -s conftest.err
configure:2733: $? = 0
configure:2736: test -s conftest.o
configure:2739: $? = 0
configure:2751: result: yes
configure:2698: checking whether gcc supports -Wstrict-prototypes
configure:2720: gcc -c -Wstrict-prototypes  conftest.c >&5
configure:2726: $? = 0
configure:2730: test -z 
			 || test ! -s conftest.err
configure:2733: $? = 0
configure:2736: test -s conftest.o
configure:2739: $? = 0
configure:2751: result: yes
configure:2698: checking whether gcc supports -Wmissing-prototypes
configure:2720: gcc -c -Wmissing-prototypes  conftest.c >&5
configure:2726: $? = 0
configure:2730: test -z 
			 || test ! -s conftest.err
configure:2733: $? = 0
configure:2736: test -s conftest.o
configure:2739: $? = 0
configure:2751: result: yes
configure:2698: checking whether gcc supports -Wold-style-definition
configure:2720: gcc -c -Wold-style-definition  conftest.c >&5
configure:2726: $? = 0
configure:2730: test -z 
			 || test ! -s conftest.err
configure:2733: $? = 0
configure:2736: test -s conftest.o
configure:2739: $? = 0
configure:2751: result: yes
configure:2698: checking whether gcc supports -Wmissing-format-attribute
configure:2720: gcc -c -Wmissing-format-attribute  conftest.c >&5
configure:2726: $? = 0
configure:2730: test -z 
			 || test ! -s conftest.err
configure:2733: $? = 0
configure:2736: test -s conftest.o
configure:2739: $? = 0
configure:2751: result: yes
configure:2762: checking whether gcc supports -pedantic -Wno-long-long
configure:2785: gcc -c -pedantic -Wno-long-long  conftest.c >&5
configure:2791: $? = 0
configure:2795: test -z 
			 || test ! -s conftest.err
configure:2798: $? = 0
configure:2801: test -s conftest.o
configure:2804: $? = 0
configure:2816: result: yes
configure:2861: checking dependency style of gcc
configure:2892: trying gcc3
| depmode=gcc3 source=sub/conftest.c object=sub/conftest.o depfile=sub/conftest.Po tmpdepfile=sub/conftest.TPo /bin/sh ./depcomp gcc -c -o sub/conftest.o sub/conftest.c
configure:2931: success
configure:2946: result: gcc3
configure:2958: checking whether time.h and sys/time.h may both be included
configure:2983: gcc -c -g -O2 -Wno-error   conftest.c >&5
configure:2989: $? = 0
configure:2993: test -z 
			 || test ! -s conftest.err
configure:2996: $? = 0
configure:2999: test -s conftest.o
configure:3002: $? = 0
configure:3013: result: yes
configure:3023: checking whether string.h and strings.h may both be included
configure:3045: gcc -c -g -O2 -Wno-error   conftest.c >&5
configure:3051: $? = 0
configure:3055: test -z 
			 || test ! -s conftest.err
configure:3058: $? = 0
configure:3061: test -s conftest.o
configure:3064: $? = 0
configure:3075: result: yes
configure:3090: checking how to run the C preprocessor
configure:3125: gcc -E  conftest.c
configure:3131: $? = 0
configure:3163: gcc -E  conftest.c
conftest.c:11:10: fatal error: 'ac_nonexistent.h' file not found
#include <ac_nonexistent.h>
         ^~~~~~~~~~~~~~~~~~
1 error generated.
configure:3169: $? = 1
configure: failed program was:
| /* confdefs.h.  */
| 
| #define PACKAGE_NAME "cpplib"
| #define PACKAGE_TARNAME "cpplib"
| #define PACKAGE_VERSION " "
| #define PACKAGE_STRING "cpplib  "
| #define PACKAGE_BUGREPORT "gcc-bugs@gcc.gnu.org"
| #define TIME_WITH_SYS_TIME 1
| #define STRING_WITH_STRINGS 1
| /* end confdefs.h.  */
| #include <ac_nonexistent.h>
configure:3208: result: gcc -E
configure:3232: gcc -E  conftest.c
configure:3238: $? = 0
configure:3270: gcc -E  conftest.c
conftest.c:11:10: fatal error: 'ac_nonexistent.h' file not found
#include <ac_nonexistent.h>
         ^~~~~~~~~~~~~~~~~~
1 error generated.
configure:3276: $? = 1
configure: failed program was:
| /* confdefs.h.  */
| 
| #define PACKAGE_NAME "cpplib"
| #define PACKAGE_TARNAME "cpplib"
| #define PACKAGE_VERSION " "
| #define PACKAGE_STRING "cpplib  "
| #define PACKAGE_BUGREPORT "gcc-bugs@gcc.gnu.org"
| #define TIME_WITH_SYS_TIME 1
| #define STRING_WITH_STRINGS 1
| /* end confdefs.h.  */
| #include <ac_nonexistent.h>
configure:3320: checking for egrep
configure:3330: result: grep -E
configure:3335: checking for ANSI C header files
configure:3360: gcc -c -g -O2 -Wno-error   conftest.c >&5
configure:3366: $? = 0
configure:3370: test -z 
			 || test ! -s conftest.err
configure:3373: $? = 0
configure:3376: test -s conftest.o
configure:3379: $? = 0
configure:3468: gcc -o conftest -g -O2 -Wno-error    conftest.c  >&5
conftest.c:28:7: warning: implicitly declaring library function 'exit' with type 'void (int) __attribute__((noreturn))' [-Wimplicit-function-declaration]
      exit(2);
      ^
conftest.c:28:7: note: include the header <stdlib.h> or explicitly provide a declaration for 'exit'
1 warning generated.
configure:3471: $? = 0
configure:3473: ./conftest
configure:3476: $? = 0
configure:3491: result: yes
configure:3515: checking for sys/types.h
configure:3531: gcc -c -g -O2 -Wno-error   conftest.c >&5
configure:3537: $? = 0
configure:3541: test -z 
			 || test ! -s conftest.err
configure:3544: $? = 0
configure:3547: test -s conftest.o
configure:3550: $? = 0
configure:3561: result: yes
configure:3515: checking for sys/stat.h
configure:3531: gcc -c -g -O2 -Wno-error   conftest.c >&5
configure:3537: $? = 0
configure:3541: test -z 
			 || test ! -s conftest.err
configure:3544: $? = 0
configure:3547: test -s conftest.o
configure:3550: $? = 0
configure:3561: result: yes
configure:3515: checking for stdlib.h
configure:3531: gcc -c -g -O2 -Wno-error   conftest.c >&5
configure:3537: $? = 0
configure:3541: test -z 
			 || test ! -s conftest.err
configure:3544: $? = 0
configure:3547: test -s conftest.o
configure:3550: $? = 0
configure:3561: result: yes
configure:3515: checking for string.h
configure:3531: gcc -c -g -O2 -Wno-error   conftest.c >&5
configure:3537: $? = 0
configure:3541: test -z 
			 || test ! -s conftest.err
configure:3544: $? = 0
configure:3547: test -s conftest.o
configure:3550: $? = 0
configure:3561: result: yes
configure:3515: checking for memory.h
configure:3531: gcc -c -g -O2 -Wno-error   conftest.c >&5
configure:3537: $? = 0
configure:3541: test -z 
			 || test ! -s conftest.err
configure:3544: $? = 0
configure:3547: test -s conftest.o
configure:3550: $? = 0
configure:3561: result: yes
configure:3515: checking for strings.h
configure:3531: gcc -c -g -O2 -Wno-error   conftest.c >&5
configure:3537: $? = 0
configure:3541: test -z 
			 || test ! -s conftest.err
configure:3544: $? = 0
configure:3547: test -s conftest.o
configure:3550: $? = 0
configure:3561: result: yes
configure:3515: checking for inttypes.h
configure:3531: gcc -c -g -O2 -Wno-error   conftest.c >&5
configure:3537: $? = 0
configure:3541: test -z 
			 || test ! -s conftest.err
configure:3544: $? = 0
configure:3547: test -s conftest.o
configure:3550: $? = 0
configure:3561: result: yes
configure:3515: checking for stdint.h
configure:3531: gcc -c -g -O2 -Wno-error   conftest.c >&5
configure:3537: $? = 0
configure:3541: test -z 
			 || test ! -s conftest.err
configure:3544: $? = 0
configure:3547: test -s conftest.o
configure:3550: $? = 0
configure:3561: result: yes
configure:3515: checking for unistd.h
configure:3531: gcc -c -g -O2 -Wno-error   conftest.c >&5
configure:3537: $? = 0
configure:3541: test -z 
			 || test ! -s conftest.err
configure:3544: $? = 0
configure:3547: test -s conftest.o
configure:3550: $? = 0
configure:3561: result: yes
configure:3597: checking iconv.h usability
configure:3609: gcc -c -g -O2 -Wno-error   conftest.c >&5
configure:3615: $? = 0
configure:3619: test -z 
			 || test ! -s conftest.err
configure:3622: $? = 0
configure:3625: test -s conftest.o
configure:3628: $? = 0
configure:3638: result: yes
configure:3642: checking iconv.h presence
configure:3652: gcc -E  conftest.c
configure:3658: $? = 0
configure:3678: result: yes
configure:3713: checking for iconv.h
configure:3720: result: yes
configure:3597: checking locale.h usability
configure:3609: gcc -c -g -O2 -Wno-error   conftest.c >&5
configure:3615: $? = 0
configure:3619: test -z 
			 || test ! -s conftest.err
configure:3622: $? = 0
configure:3625: test -s conftest.o
configure:3628: $? = 0
configure:3638: result: yes
configure:3642: checking locale.h presence
configure:3652: gcc -E  conftest.c
configure:3658: $? = 0
configure:3678: result: yes
configure:3713: checking for locale.h
configure:3720: result: yes
configure:3597: checking fcntl.h usability
configure:3609: gcc -c -g -O2 -Wno-error   conftest.c >&5
configure:3615: $? = 0
configure:3619: test -z 
			 || test ! -s conftest.err
configure:3622: $? = 0
configure:3625: test -s conftest.o
configure:3628: $? = 0
configure:3638: result: yes
configure:3642: checking fcntl.h presence
configure:3652: gcc -E  conftest.c
configure:3658: $? = 0
configure:3678: result: yes
configure:3713: checking for fcntl.h
configure:3720: result: yes
configure:3597: checking limits.h usability
configure:3609: gcc -c -g -O2 -Wno-error   conftest.c >&5
configure:3615: $? = 0
configure:3619: test -z 
			 || test ! -s conftest.err
configure:3622: $? = 0
configure:3625: test -s conftest.o
configure:3628: $? = 0
configure:3638: result: yes
configure:3642: checking limits.h presence
configure:3652: gcc -E  conftest.c
configure:3658: $? = 0
configure:3678: result: yes
configure:3713: checking for limits.h
configure:3720: result: yes
configure:3597: checking stddef.h usability
configure:3609: gcc -c -g -O2 -Wno-error   conftest.c >&5
configure:3615: $? = 0
configure:3619: test -z 
			 || test ! -s conftest.err
configure:3622: $? = 0
configure:3625: test -s conftest.o
configure:3628: $? = 0
configure:3638: result: yes
configure:3642: checking stddef.h presence
configure:3652: gcc -E  conftest.c
configure:3658: $? = 0
configure:3678: result: yes
configure:3713: checking for stddef.h
configure:3720: result: yes
configure:3588: checking for stdlib.h
configure:3593: result: yes
configure:3588: checking for strings.h
configure:3593: result: yes
configure:3588: checking for string.h
configure:3593: result: yes
configure:3597: checking sys/file.h usability
configure:3609: gcc -c -g -O2 -Wno-error   conftest.c >&5
configure:3615: $? = 0
configure:3619: test -z 
			 || test ! -s conftest.err
configure:3622: $? = 0
configure:3625: test -s conftest.o
configure:3628: $? = 0
configure:3638: result: yes
configure:3642: checking sys/file.h presence
configure:3652: gcc -E  conftest.c
configure:3658: $? = 0
configure:3678: result: yes
configure:3713: checking for sys/file.h
configure:3720: result: yes
configure:3588: checking for unistd.h
configure:3593: result: yes
configure:3735: checking for an ANSI C-conforming const
configure:3802: gcc -c -g -O2 -Wno-error   conftest.c >&5
configure:3808: $? = 0
configure:3812: test -z 
			 || test ! -s conftest.err
configure:3815: $? = 0
configure:3818: test -s conftest.o
configure:3821: $? = 0
configure:3832: result: yes
configure:3842: checking for inline
configure:3863: gcc -c -g -O2 -Wno-error   conftest.c >&5
configure:3869: $? = 0
configure:3873: test -z 
			 || test ! -s conftest.err
configure:3876: $? = 0
configure:3879: test -s conftest.o
configure:3882: $? = 0
configure:3894: result: inline
configure:3913: checking for obstacks
configure:3934: gcc -o conftest -g -O2 -Wno-error    conftest.c  >&5
conftest.c:31:10: fatal error: 'obstack.h' file not found
#include "obstack.h"
         ^~~~~~~~~~~
1 error generated.
configure:3940: $? = 1
configure: failed program was:
| /* confdefs.h.  */
| 
| #define PACKAGE_NAME "cpplib"
| #define PACKAGE_TARNAME "cpplib"
| #define PACKAGE_VERSION " "
| #define PACKAGE_STRING "cpplib  "
| #define PACKAGE_BUGREPORT "gcc-bugs@gcc.gnu.org"
| #define TIME_WITH_SYS_TIME 1
| #define STRING_WITH_STRINGS 1
| #define STDC_HEADERS 1
| #define HAVE_SYS_TYPES_H 1
| #define HAVE_SYS_STAT_H 1
| #define HAVE_STDLIB_H 1
| #define HAVE_STRING_H 1
| #define HAVE_MEMORY_H 1
| #define HAVE_STRINGS_H 1
| #define HAVE_INTTYPES_H 1
| #define HAVE_STDINT_H 1
| #define HAVE_UNISTD_H 1
| #define HAVE_ICONV_H 1
| #define HAVE_LOCALE_H 1
| #define HAVE_FCNTL_H 1
| #define HAVE_LIMITS_H 1
| #define HAVE_STDDEF_H 1
| #define HAVE_STDLIB_H 1
| #define HAVE_STRINGS_H 1
| #define HAVE_STRING_H 1
| #define HAVE_SYS_FILE_H 1
| #define HAVE_UNISTD_H 1
| /* end confdefs.h.  */
| #include "obstack.h"
| int
| main ()
| {
| struct obstack *mem; obstack_free(mem,(char *) 0)
|   ;
|   return 0;
| }
configure:3965: result: no
configure:3984: checking for off_t
configure:4008: gcc -c -g -O2 -Wno-error   conftest.c >&5
configure:4014: $? = 0
configure:4018: test -z 
			 || test ! -s conftest.err
configure:4021: $? = 0
configure:4024: test -s conftest.o
configure:4027: $? = 0
configure:4038: result: yes
configure:4050: checking for size_t
configure:4074: gcc -c -g -O2 -Wno-error   conftest.c >&5
configure:4080: $? = 0
configure:4084: test -z 
			 || test ! -s conftest.err
configure:4087: $? = 0
configure:4090: test -s conftest.o
configure:4093: $? = 0
configure:4104: result: yes
configure:4116: checking whether struct tm is in sys/time.h or time.h
configure:4139: gcc -c -g -O2 -Wno-error   conftest.c >&5
conftest.c:37:20: warning: expression result unused [-Wunused-value]
struct tm *tp; tp->tm_sec;
               ~~  ^~~~~~
1 warning generated.
configure:4145: $? = 0
configure:4149: test -z 
			 || test ! -s conftest.err
configure:4152: $? = 0
configure:4155: test -s conftest.o
configure:4158: $? = 0
configure:4169: result: time.h
configure:4179: checking for int
configure:4203: gcc -c -g -O2 -Wno-error   conftest.c >&5
configure:4209: $? = 0
configure:4213: test -z 
			 || test ! -s conftest.err
configure:4216: $? = 0
configure:4219: test -s conftest.o
configure:4222: $? = 0
configure:4233: result: yes
configure:4236: checking size of int
configure:4555: gcc -o conftest -g -O2 -Wno-error    conftest.c  >&5
configure:4558: $? = 0
configure:4560: ./conftest
configure:4563: $? = 0
configure:4586: result: 4
configure:4593: checking for long
configure:4617: gcc -c -g -O2 -Wno-error   conftest.c >&5
configure:4623: $? = 0
configure:4627: test -z 
			 || test ! -s conftest.err
configure:4630: $? = 0
configure:4633: test -s conftest.o
configure:4636: $? = 0
configure:4647: result: yes
configure:4650: checking size of long
configure:4969: gcc -o conftest -g -O2 -Wno-error    conftest.c  >&5
configure:4972: $? = 0
configure:4974: ./conftest
configure:4977: $? = 0
configure:5000: result: 8
configure:5027: checking for clearerr_unlocked
configure:5084: gcc -o conftest -g -O2 -Wno-error    conftest.c  >&5
configure:5090: $? = 0
configure:5094: test -z 
			 || test ! -s conftest.err
configure:5097: $? = 0
configure:5100: test -s conftest
configure:5103: $? = 0
configure:5115: result: yes
configure:5027: checking for feof_unlocked
configure:5084: gcc -o conftest -g -O2 -Wno-error    conftest.c  >&5
configure:5090: $? = 0
configure:5094: test -z 
			 || test ! -s conftest.err
configure:5097: $? = 0
configure:5100: test -s conftest
configure:5103: $? = 0
configure:5115: result: yes
configure:5027: checking for ferror_unlocked
configure:5084: gcc -o conftest -g -O2 -Wno-error    conftest.c  >&5
configure:5090: $? = 0
configure:5094: test -z 
			 || test ! -s conftest.err
configure:5097: $? = 0
configure:5100: test -s conftest
configure:5103: $? = 0
configure:5115: result: yes
configure:5027: checking for fflush_unlocked
configure:5084: gcc -o conftest -g -O2 -Wno-error    conftest.c  >&5
Undefined symbols for architecture x86_64:
  "_fflush_unlocked", referenced from:
      _main in conftest-c4e6f4.o
      _f in conftest-c4e6f4.o
ld: symbol(s) not found for architecture x86_64
clang: error: linker command failed with exit code 1 (use -v to see invocation)
configure:5090: $? = 1
configure: failed program was:
| /* confdefs.h.  */
| 
| #define PACKAGE_NAME "cpplib"
| #define PACKAGE_TARNAME "cpplib"
| #define PACKAGE_VERSION " "
| #define PACKAGE_STRING "cpplib  "
| #define PACKAGE_BUGREPORT "gcc-bugs@gcc.gnu.org"
| #define TIME_WITH_SYS_TIME 1
| #define STRING_WITH_STRINGS 1
| #define STDC_HEADERS 1
| #define HAVE_SYS_TYPES_H 1
| #define HAVE_SYS_STAT_H 1
| #define HAVE_STDLIB_H 1
| #define HAVE_STRING_H 1
| #define HAVE_MEMORY_H 1
| #define HAVE_STRINGS_H 1
| #define HAVE_INTTYPES_H 1
| #define HAVE_STDINT_H 1
| #define HAVE_UNISTD_H 1
| #define HAVE_ICONV_H 1
| #define HAVE_LOCALE_H 1
| #define HAVE_FCNTL_H 1
| #define HAVE_LIMITS_H 1
| #define HAVE_STDDEF_H 1
| #define HAVE_STDLIB_H 1
| #define HAVE_STRINGS_H 1
| #define HAVE_STRING_H 1
| #define HAVE_SYS_FILE_H 1
| #define HAVE_UNISTD_H 1
| #define SIZEOF_INT 4
| #define SIZEOF_LONG 8
| #define HAVE_CLEARERR_UNLOCKED 1
| #define HAVE_FEOF_UNLOCKED 1
| #define HAVE_FERROR_UNLOCKED 1
| /* end confdefs.h.  */
| /* Define fflush_unlocked to an innocuous variant, in case <limits.h> declares fflush_unlocked.
|    For example, HP-UX 11i <limits.h> declares gettimeofday.  */
| #define fflush_unlocked innocuous_fflush_unlocked
| 
| /* System header to define __stub macros and hopefully few prototypes,
|     which can conflict with char fflush_unlocked (); below.
|     Prefer <limits.h> to <assert.h> if __STDC__ is defined, since
|     <limits.h> exists even on freestanding compilers.  */
| 
| #ifdef __STDC__
| # include <limits.h>
| #else
| # include <assert.h>
| #endif
| 
| #undef fflush_unlocked
| 
| /* Override any gcc2 internal prototype to avoid an error.  */
| #ifdef __cplusplus
| extern "C"
| {
| #endif
| /* We use char because int might match the return type of a gcc2
|    builtin and then its argument prototype would still apply.  */
| char fflush_unlocked ();
| /* The GNU C library defines this for functions which it implements
|     to always fail with ENOSYS.  Some functions are actually named
|     something starting with __ and the normal name is an alias.  */
| #if defined (__stub_fflush_unlocked) || defined (__stub___fflush_unlocked)
| choke me
| #else
| char (*f) () = fflush_unlocked;
| #endif
| #ifdef __cplusplus
| }
| #endif
| 
| int
| main ()
| {
| return f != fflush_unlocked;
|   ;
|   return 0;
| }
configure:5115: result: no
configure:5027: checking for fgetc_unlocked
configure:5084: gcc -o conftest -g -O2 -Wno-error    conftest.c  >&5
Undefined symbols for architecture x86_64:
  "_fgetc_unlocked", referenced from:
      _main in conftest-d84cc2.o
      _f in conftest-d84cc2.o
ld: symbol(s) not found for architecture x86_64
clang: error: linker command failed with exit code 1 (use -v to see invocation)
configure:5090: $? = 1
configure: failed program was:
| /* confdefs.h.  */
| 
| #define PACKAGE_NAME "cpplib"
| #define PACKAGE_TARNAME "cpplib"
| #define PACKAGE_VERSION " "
| #define PACKAGE_STRING "cpplib  "
| #define PACKAGE_BUGREPORT "gcc-bugs@gcc.gnu.org"
| #define TIME_WITH_SYS_TIME 1
| #define STRING_WITH_STRINGS 1
| #define STDC_HEADERS 1
| #define HAVE_SYS_TYPES_H 1
| #define HAVE_SYS_STAT_H 1
| #define HAVE_STDLIB_H 1
| #define HAVE_STRING_H 1
| #define HAVE_MEMORY_H 1
| #define HAVE_STRINGS_H 1
| #define HAVE_INTTYPES_H 1
| #define HAVE_STDINT_H 1
| #define HAVE_UNISTD_H 1
| #define HAVE_ICONV_H 1
| #define HAVE_LOCALE_H 1
| #define HAVE_FCNTL_H 1
| #define HAVE_LIMITS_H 1
| #define HAVE_STDDEF_H 1
| #define HAVE_STDLIB_H 1
| #define HAVE_STRINGS_H 1
| #define HAVE_STRING_H 1
| #define HAVE_SYS_FILE_H 1
| #define HAVE_UNISTD_H 1
| #define SIZEOF_INT 4
| #define SIZEOF_LONG 8
| #define HAVE_CLEARERR_UNLOCKED 1
| #define HAVE_FEOF_UNLOCKED 1
| #define HAVE_FERROR_UNLOCKED 1
| /* end confdefs.h.  */
| /* Define fgetc_unlocked to an innocuous variant, in case <limits.h> declares fgetc_unlocked.
|    For example, HP-UX 11i <limits.h> declares gettimeofday.  */
| #define fgetc_unlocked innocuous_fgetc_unlocked
| 
| /* System header to define __stub macros and hopefully few prototypes,
|     which can conflict with char fgetc_unlocked (); below.
|     Prefer <limits.h> to <assert.h> if __STDC__ is defined, since
|     <limits.h> exists even on freestanding compilers.  */
| 
| #ifdef __STDC__
| # include <limits.h>
| #else
| # include <assert.h>
| #endif
| 
| #undef fgetc_unlocked
| 
| /* Override any gcc2 internal prototype to avoid an error.  */
| #ifdef __cplusplus
| extern "C"
| {
| #endif
| /* We use char because int might match the return type of a gcc2
|    builtin and then its argument prototype would still apply.  */
| char fgetc_unlocked ();
| /* The GNU C library defines this for functions which it implements
|     to always fail with ENOSYS.  Some functions are actually named
|     something starting with __ and the normal name is an alias.  */
| #if defined (__stub_fgetc_unlocked) || defined (__stub___fgetc_unlocked)
| choke me
| #else
| char (*f) () = fgetc_unlocked;
| #endif
| #ifdef __cplusplus
| }
| #endif
| 
| int
| main ()
| {
| return f != fgetc_unlocked;
|   ;
|   return 0;
| }
configure:5115: result: no
configure:5027: checking for fgets_unlocked
configure:5084: gcc -o conftest -g -O2 -Wno-error    conftest.c  >&5
Undefined symbols for architecture x86_64:
  "_fgets_unlocked", referenced from:
      _main in conftest-d406aa.o
      _f in conftest-d406aa.o
ld: symbol(s) not found for architecture x86_64
clang: error: linker command failed with exit code 1 (use -v to see invocation)
configure:5090: $? = 1
configure: failed program was:
| /* confdefs.h.  */
| 
| #define PACKAGE_NAME "cpplib"
| #define PACKAGE_TARNAME "cpplib"
| #define PACKAGE_VERSION " "
| #define PACKAGE_STRING "cpplib  "
| #define PACKAGE_BUGREPORT "gcc-bugs@gcc.gnu.org"
| #define TIME_WITH_SYS_TIME 1
| #define STRING_WITH_STRINGS 1
| #define STDC_HEADERS 1
| #define HAVE_SYS_TYPES_H 1
| #define HAVE_SYS_STAT_H 1
| #define HAVE_STDLIB_H 1
| #define HAVE_STRING_H 1
| #define HAVE_MEMORY_H 1
| #define HAVE_STRINGS_H 1
| #define HAVE_INTTYPES_H 1
| #define HAVE_STDINT_H 1
| #define HAVE_UNISTD_H 1
| #define HAVE_ICONV_H 1
| #define HAVE_LOCALE_H 1
| #define HAVE_FCNTL_H 1
| #define HAVE_LIMITS_H 1
| #define HAVE_STDDEF_H 1
| #define HAVE_STDLIB_H 1
| #define HAVE_STRINGS_H 1
| #define HAVE_STRING_H 1
| #define HAVE_SYS_FILE_H 1
| #define HAVE_UNISTD_H 1
| #define SIZEOF_INT 4
| #define SIZEOF_LONG 8
| #define HAVE_CLEARERR_UNLOCKED 1
| #define HAVE_FEOF_UNLOCKED 1
| #define HAVE_FERROR_UNLOCKED 1
| /* end confdefs.h.  */
| /* Define fgets_unlocked to an innocuous variant, in case <limits.h> declares fgets_unlocked.
|    For example, HP-UX 11i <limits.h> declares gettimeofday.  */
| #define fgets_unlocked innocuous_fgets_unlocked
| 
| /* System header to define __stub macros and hopefully few prototypes,
|     which can conflict with char fgets_unlocked (); below.
|     Prefer <limits.h> to <assert.h> if __STDC__ is defined, since
|     <limits.h> exists even on freestanding compilers.  */
| 
| #ifdef __STDC__
| # include <limits.h>
| #else
| # include <assert.h>
| #endif
| 
| #undef fgets_unlocked
| 
| /* Override any gcc2 internal prototype to avoid an error.  */
| #ifdef __cplusplus
| extern "C"
| {
| #endif
| /* We use char because int might match the return type of a gcc2
|    builtin and then its argument prototype would still apply.  */
| char fgets_unlocked ();
| /* The GNU C library defines this for functions which it implements
|     to always fail with ENOSYS.  Some functions are actually named
|     something starting with __ and the normal name is an alias.  */
| #if defined (__stub_fgets_unlocked) || defined (__stub___fgets_unlocked)
| choke me
| #else
| char (*f) () = fgets_unlocked;
| #endif
| #ifdef __cplusplus
| }
| #endif
| 
| int
| main ()
| {
| return f != fgets_unlocked;
|   ;
|   return 0;
| }
configure:5115: result: no
configure:5027: checking for fileno_unlocked
configure:5084: gcc -o conftest -g -O2 -Wno-error    conftest.c  >&5
configure:5090: $? = 0
configure:5094: test -z 
			 || test ! -s conftest.err
configure:5097: $? = 0
configure:5100: test -s conftest
configure:5103: $? = 0
configure:5115: result: yes
configure:5027: checking for fprintf_unlocked
configure:5084: gcc -o conftest -g -O2 -Wno-error    conftest.c  >&5
Undefined symbols for architecture x86_64:
  "_fprintf_unlocked", referenced from:
      _main in conftest-260c6c.o
      _f in conftest-260c6c.o
ld: symbol(s) not found for architecture x86_64
clang: error: linker command failed with exit code 1 (use -v to see invocation)
configure:5090: $? = 1
configure: failed program was:
| /* confdefs.h.  */
| 
| #define PACKAGE_NAME "cpplib"
| #define PACKAGE_TARNAME "cpplib"
| #define PACKAGE_VERSION " "
| #define PACKAGE_STRING "cpplib  "
| #define PACKAGE_BUGREPORT "gcc-bugs@gcc.gnu.org"
| #define TIME_WITH_SYS_TIME 1
| #define STRING_WITH_STRINGS 1
| #define STDC_HEADERS 1
| #define HAVE_SYS_TYPES_H 1
| #define HAVE_SYS_STAT_H 1
| #define HAVE_STDLIB_H 1
| #define HAVE_STRING_H 1
| #define HAVE_MEMORY_H 1
| #define HAVE_STRINGS_H 1
| #define HAVE_INTTYPES_H 1
| #define HAVE_STDINT_H 1
| #define HAVE_UNISTD_H 1
| #define HAVE_ICONV_H 1
| #define HAVE_LOCALE_H 1
| #define HAVE_FCNTL_H 1
| #define HAVE_LIMITS_H 1
| #define HAVE_STDDEF_H 1
| #define HAVE_STDLIB_H 1
| #define HAVE_STRINGS_H 1
| #define HAVE_STRING_H 1
| #define HAVE_SYS_FILE_H 1
| #define HAVE_UNISTD_H 1
| #define SIZEOF_INT 4
| #define SIZEOF_LONG 8
| #define HAVE_CLEARERR_UNLOCKED 1
| #define HAVE_FEOF_UNLOCKED 1
| #define HAVE_FERROR_UNLOCKED 1
| #define HAVE_FILENO_UNLOCKED 1
| /* end confdefs.h.  */
| /* Define fprintf_unlocked to an innocuous variant, in case <limits.h> declares fprintf_unlocked.
|    For example, HP-UX 11i <limits.h> declares gettimeofday.  */
| #define fprintf_unlocked innocuous_fprintf_unlocked
| 
| /* System header to define __stub macros and hopefully few prototypes,
|     which can conflict with char fprintf_unlocked (); below.
|     Prefer <limits.h> to <assert.h> if __STDC__ is defined, since
|     <limits.h> exists even on freestanding compilers.  */
| 
| #ifdef __STDC__
| # include <limits.h>
| #else
| # include <assert.h>
| #endif
| 
| #undef fprintf_unlocked
| 
| /* Override any gcc2 internal prototype to avoid an error.  */
| #ifdef __cplusplus
| extern "C"
| {
| #endif
| /* We use char because int might match the return type of a gcc2
|    builtin and then its argument prototype would still apply.  */
| char fprintf_unlocked ();
| /* The GNU C library defines this for functions which it implements
|     to always fail with ENOSYS.  Some functions are actually named
|     something starting with __ and the normal name is an alias.  */
| #if defined (__stub_fprintf_unlocked) || defined (__stub___fprintf_unlocked)
| choke me
| #else
| char (*f) () = fprintf_unlocked;
| #endif
| #ifdef __cplusplus
| }
| #endif
| 
| int
| main ()
| {
| return f != fprintf_unlocked;
|   ;
|   return 0;
| }
configure:5115: result: no
configure:5027: checking for fputc_unlocked
configure:5084: gcc -o conftest -g -O2 -Wno-error    conftest.c  >&5
Undefined symbols for architecture x86_64:
  "_fputc_unlocked", referenced from:
      _main in conftest-cc615c.o
      _f in conftest-cc615c.o
ld: symbol(s) not found for architecture x86_64
clang: error: linker command failed with exit code 1 (use -v to see invocation)
configure:5090: $? = 1
configure: failed program was:
| /* confdefs.h.  */
| 
| #define PACKAGE_NAME "cpplib"
| #define PACKAGE_TARNAME "cpplib"
| #define PACKAGE_VERSION " "
| #define PACKAGE_STRING "cpplib  "
| #define PACKAGE_BUGREPORT "gcc-bugs@gcc.gnu.org"
| #define TIME_WITH_SYS_TIME 1
| #define STRING_WITH_STRINGS 1
| #define STDC_HEADERS 1
| #define HAVE_SYS_TYPES_H 1
| #define HAVE_SYS_STAT_H 1
| #define HAVE_STDLIB_H 1
| #define HAVE_STRING_H 1
| #define HAVE_MEMORY_H 1
| #define HAVE_STRINGS_H 1
| #define HAVE_INTTYPES_H 1
| #define HAVE_STDINT_H 1
| #define HAVE_UNISTD_H 1
| #define HAVE_ICONV_H 1
| #define HAVE_LOCALE_H 1
| #define HAVE_FCNTL_H 1
| #define HAVE_LIMITS_H 1
| #define HAVE_STDDEF_H 1
| #define HAVE_STDLIB_H 1
| #define HAVE_STRINGS_H 1
| #define HAVE_STRING_H 1
| #define HAVE_SYS_FILE_H 1
| #define HAVE_UNISTD_H 1
| #define SIZEOF_INT 4
| #define SIZEOF_LONG 8
| #define HAVE_CLEARERR_UNLOCKED 1
| #define HAVE_FEOF_UNLOCKED 1
| #define HAVE_FERROR_UNLOCKED 1
| #define HAVE_FILENO_UNLOCKED 1
| /* end confdefs.h.  */
| /* Define fputc_unlocked to an innocuous variant, in case <limits.h> declares fputc_unlocked.
|    For example, HP-UX 11i <limits.h> declares gettimeofday.  */
| #define fputc_unlocked innocuous_fputc_unlocked
| 
| /* System header to define __stub macros and hopefully few prototypes,
|     which can conflict with char fputc_unlocked (); below.
|     Prefer <limits.h> to <assert.h> if __STDC__ is defined, since
|     <limits.h> exists even on freestanding compilers.  */
| 
| #ifdef __STDC__
| # include <limits.h>
| #else
| # include <assert.h>
| #endif
| 
| #undef fputc_unlocked
| 
| /* Override any gcc2 internal prototype to avoid an error.  */
| #ifdef __cplusplus
| extern "C"
| {
| #endif
| /* We use char because int might match the return type of a gcc2
|    builtin and then its argument prototype would still apply.  */
| char fputc_unlocked ();
| /* The GNU C library defines this for functions which it implements
|     to always fail with ENOSYS.  Some functions are actually named
|     something starting with __ and the normal name is an alias.  */
| #if defined (__stub_fputc_unlocked) || defined (__stub___fputc_unlocked)
| choke me
| #else
| char (*f) () = fputc_unlocked;
| #endif
| #ifdef __cplusplus
| }
| #endif
| 
| int
| main ()
| {
| return f != fputc_unlocked;
|   ;
|   return 0;
| }
configure:5115: result: no
configure:5027: checking for fputs_unlocked
configure:5084: gcc -o conftest -g -O2 -Wno-error    conftest.c  >&5
Undefined symbols for architecture x86_64:
  "_fputs_unlocked", referenced from:
      _main in conftest-8bfa87.o
      _f in conftest-8bfa87.o
ld: symbol(s) not found for architecture x86_64
clang: error: linker command failed with exit code 1 (use -v to see invocation)
configure:5090: $? = 1
configure: failed program was:
| /* confdefs.h.  */
| 
| #define PACKAGE_NAME "cpplib"
| #define PACKAGE_TARNAME "cpplib"
| #define PACKAGE_VERSION " "
| #define PACKAGE_STRING "cpplib  "
| #define PACKAGE_BUGREPORT "gcc-bugs@gcc.gnu.org"
| #define TIME_WITH_SYS_TIME 1
| #define STRING_WITH_STRINGS 1
| #define STDC_HEADERS 1
| #define HAVE_SYS_TYPES_H 1
| #define HAVE_SYS_STAT_H 1
| #define HAVE_STDLIB_H 1
| #define HAVE_STRING_H 1
| #define HAVE_MEMORY_H 1
| #define HAVE_STRINGS_H 1
| #define HAVE_INTTYPES_H 1
| #define HAVE_STDINT_H 1
| #define HAVE_UNISTD_H 1
| #define HAVE_ICONV_H 1
| #define HAVE_LOCALE_H 1
| #define HAVE_FCNTL_H 1
| #define HAVE_LIMITS_H 1
| #define HAVE_STDDEF_H 1
| #define HAVE_STDLIB_H 1
| #define HAVE_STRINGS_H 1
| #define HAVE_STRING_H 1
| #define HAVE_SYS_FILE_H 1
| #define HAVE_UNISTD_H 1
| #define SIZEOF_INT 4
| #define SIZEOF_LONG 8
| #define HAVE_CLEARERR_UNLOCKED 1
| #define HAVE_FEOF_UNLOCKED 1
| #define HAVE_FERROR_UNLOCKED 1
| #define HAVE_FILENO_UNLOCKED 1
| /* end confdefs.h.  */
| /* Define fputs_unlocked to an innocuous variant, in case <limits.h> declares fputs_unlocked.
|    For example, HP-UX 11i <limits.h> declares gettimeofday.  */
| #define fputs_unlocked innocuous_fputs_unlocked
| 
| /* System header to define __stub macros and hopefully few prototypes,
|     which can conflict with char fputs_unlocked (); below.
|     Prefer <limits.h> to <assert.h> if __STDC__ is defined, since
|     <limits.h> exists even on freestanding compilers.  */
| 
| #ifdef __STDC__
| # include <limits.h>
| #else
| # include <assert.h>
| #endif
| 
| #undef fputs_unlocked
| 
| /* Override any gcc2 internal prototype to avoid an error.  */
| #ifdef __cplusplus
| extern "C"
| {
| #endif
| /* We use char because int might match the return type of a gcc2
|    builtin and then its argument prototype would still apply.  */
| char fputs_unlocked ();
| /* The GNU C library defines this for functions which it implements
|     to always fail with ENOSYS.  Some functions are actually named
|     something starting with __ and the normal name is an alias.  */
| #if defined (__stub_fputs_unlocked) || defined (__stub___fputs_unlocked)
| choke me
| #else
| char (*f) () = fputs_unlocked;
| #endif
| #ifdef __cplusplus
| }
| #endif
| 
| int
| main ()
| {
| return f != fputs_unlocked;
|   ;
|   return 0;
| }
configure:5115: result: no
configure:5027: checking for fread_unlocked
configure:5084: gcc -o conftest -g -O2 -Wno-error    conftest.c  >&5
Undefined symbols for architecture x86_64:
  "_fread_unlocked", referenced from:
      _main in conftest-126a5f.o
      _f in conftest-126a5f.o
ld: symbol(s) not found for architecture x86_64
clang: error: linker command failed with exit code 1 (use -v to see invocation)
configure:5090: $? = 1
configure: failed program was:
| /* confdefs.h.  */
| 
| #define PACKAGE_NAME "cpplib"
| #define PACKAGE_TARNAME "cpplib"
| #define PACKAGE_VERSION " "
| #define PACKAGE_STRING "cpplib  "
| #define PACKAGE_BUGREPORT "gcc-bugs@gcc.gnu.org"
| #define TIME_WITH_SYS_TIME 1
| #define STRING_WITH_STRINGS 1
| #define STDC_HEADERS 1
| #define HAVE_SYS_TYPES_H 1
| #define HAVE_SYS_STAT_H 1
| #define HAVE_STDLIB_H 1
| #define HAVE_STRING_H 1
| #define HAVE_MEMORY_H 1
| #define HAVE_STRINGS_H 1
| #define HAVE_INTTYPES_H 1
| #define HAVE_STDINT_H 1
| #define HAVE_UNISTD_H 1
| #define HAVE_ICONV_H 1
| #define HAVE_LOCALE_H 1
| #define HAVE_FCNTL_H 1
| #define HAVE_LIMITS_H 1
| #define HAVE_STDDEF_H 1
| #define HAVE_STDLIB_H 1
| #define HAVE_STRINGS_H 1
| #define HAVE_STRING_H 1
| #define HAVE_SYS_FILE_H 1
| #define HAVE_UNISTD_H 1
| #define SIZEOF_INT 4
| #define SIZEOF_LONG 8
| #define HAVE_CLEARERR_UNLOCKED 1
| #define HAVE_FEOF_UNLOCKED 1
| #define HAVE_FERROR_UNLOCKED 1
| #define HAVE_FILENO_UNLOCKED 1
| /* end confdefs.h.  */
| /* Define fread_unlocked to an innocuous variant, in case <limits.h> declares fread_unlocked.
|    For example, HP-UX 11i <limits.h> declares gettimeofday.  */
| #define fread_unlocked innocuous_fread_unlocked
| 
| /* System header to define __stub macros and hopefully few prototypes,
|     which can conflict with char fread_unlocked (); below.
|     Prefer <limits.h> to <assert.h> if __STDC__ is defined, since
|     <limits.h> exists even on freestanding compilers.  */
| 
| #ifdef __STDC__
| # include <limits.h>
| #else
| # include <assert.h>
| #endif
| 
| #undef fread_unlocked
| 
| /* Override any gcc2 internal prototype to avoid an error.  */
| #ifdef __cplusplus
| extern "C"
| {
| #endif
| /* We use char because int might match the return type of a gcc2
|    builtin and then its argument prototype would still apply.  */
| char fread_unlocked ();
| /* The GNU C library defines this for functions which it implements
|     to always fail with ENOSYS.  Some functions are actually named
|     something starting with __ and the normal name is an alias.  */
| #if defined (__stub_fread_unlocked) || defined (__stub___fread_unlocked)
| choke me
| #else
| char (*f) () = fread_unlocked;
| #endif
| #ifdef __cplusplus
| }
| #endif
| 
| int
| main ()
| {
| return f != fread_unlocked;
|   ;
|   return 0;
| }
configure:5115: result: no
configure:5027: checking for fwrite_unlocked
configure:5084: gcc -o conftest -g -O2 -Wno-error    conftest.c  >&5
Undefined symbols for architecture x86_64:
  "_fwrite_unlocked", referenced from:
      _main in conftest-f6329c.o
      _f in conftest-f6329c.o
ld: symbol(s) not found for architecture x86_64
clang: error: linker command failed with exit code 1 (use -v to see invocation)
configure:5090: $? = 1
configure: failed program was:
| /* confdefs.h.  */
| 
| #define PACKAGE_NAME "cpplib"
| #define PACKAGE_TARNAME "cpplib"
| #define PACKAGE_VERSION " "
| #define PACKAGE_STRING "cpplib  "
| #define PACKAGE_BUGREPORT "gcc-bugs@gcc.gnu.org"
| #define TIME_WITH_SYS_TIME 1
| #define STRING_WITH_STRINGS 1
| #define STDC_HEADERS 1
| #define HAVE_SYS_TYPES_H 1
| #define HAVE_SYS_STAT_H 1
| #define HAVE_STDLIB_H 1
| #define HAVE_STRING_H 1
| #define HAVE_MEMORY_H 1
| #define HAVE_STRINGS_H 1
| #define HAVE_INTTYPES_H 1
| #define HAVE_STDINT_H 1
| #define HAVE_UNISTD_H 1
| #define HAVE_ICONV_H 1
| #define HAVE_LOCALE_H 1
| #define HAVE_FCNTL_H 1
| #define HAVE_LIMITS_H 1
| #define HAVE_STDDEF_H 1
| #define HAVE_STDLIB_H 1
| #define HAVE_STRINGS_H 1
| #define HAVE_STRING_H 1
| #define HAVE_SYS_FILE_H 1
| #define HAVE_UNISTD_H 1
| #define SIZEOF_INT 4
| #define SIZEOF_LONG 8
| #define HAVE_CLEARERR_UNLOCKED 1
| #define HAVE_FEOF_UNLOCKED 1
| #define HAVE_FERROR_UNLOCKED 1
| #define HAVE_FILENO_UNLOCKED 1
| /* end confdefs.h.  */
| /* Define fwrite_unlocked to an innocuous variant, in case <limits.h> declares fwrite_unlocked.
|    For example, HP-UX 11i <limits.h> declares gettimeofday.  */
| #define fwrite_unlocked innocuous_fwrite_unlocked
| 
| /* System header to define __stub macros and hopefully few prototypes,
|     which can conflict with char fwrite_unlocked (); below.
|     Prefer <limits.h> to <assert.h> if __STDC__ is defined, since
|     <limits.h> exists even on freestanding compilers.  */
| 
| #ifdef __STDC__
| # include <limits.h>
| #else
| # include <assert.h>
| #endif
| 
| #undef fwrite_unlocked
| 
| /* Override any gcc2 internal prototype to avoid an error.  */
| #ifdef __cplusplus
| extern "C"
| {
| #endif
| /* We use char because int might match the return type of a gcc2
|    builtin and then its argument prototype would still apply.  */
| char fwrite_unlocked ();
| /* The GNU C library defines this for functions which it implements
|     to always fail with ENOSYS.  Some functions are actually named
|     something starting with __ and the normal name is an alias.  */
| #if defined (__stub_fwrite_unlocked) || defined (__stub___fwrite_unlocked)
| choke me
| #else
| char (*f) () = fwrite_unlocked;
| #endif
| #ifdef __cplusplus
| }
| #endif
| 
| int
| main ()
| {
| return f != fwrite_unlocked;
|   ;
|   return 0;
| }
configure:5115: result: no
configure:5027: checking for getchar_unlocked
configure:5084: gcc -o conftest -g -O2 -Wno-error    conftest.c  >&5
configure:5090: $? = 0
configure:5094: test -z 
			 || test ! -s conftest.err
configure:5097: $? = 0
configure:5100: test -s conftest
configure:5103: $? = 0
configure:5115: result: yes
configure:5027: checking for getc_unlocked
configure:5084: gcc -o conftest -g -O2 -Wno-error    conftest.c  >&5
configure:5090: $? = 0
configure:5094: test -z 
			 || test ! -s conftest.err
configure:5097: $? = 0
configure:5100: test -s conftest
configure:5103: $? = 0
configure:5115: result: yes
configure:5027: checking for putchar_unlocked
configure:5084: gcc -o conftest -g -O2 -Wno-error    conftest.c  >&5
configure:5090: $? = 0
configure:5094: test -z 
			 || test ! -s conftest.err
configure:5097: $? = 0
configure:5100: test -s conftest
configure:5103: $? = 0
configure:5115: result: yes
configure:5027: checking for putc_unlocked
configure:5084: gcc -o conftest -g -O2 -Wno-error    conftest.c  >&5
configure:5090: $? = 0
configure:5094: test -z 
			 || test ! -s conftest.err
configure:5097: $? = 0
configure:5100: test -s conftest
configure:5103: $? = 0
configure:5115: result: yes
configure:5125: checking whether abort is declared
configure:5149: gcc -c -g -O2 -Wno-error   conftest.c >&5
configure:5155: $? = 0
configure:5159: test -z 
			 || test ! -s conftest.err
configure:5162: $? = 0
configure:5165: test -s conftest.o
configure:5168: $? = 0
configure:5179: result: yes
configure:5195: checking whether asprintf is declared
configure:5219: gcc -c -g -O2 -Wno-error   conftest.c >&5
configure:5225: $? = 0
configure:5229: test -z 
			 || test ! -s conftest.err
configure:5232: $? = 0
configure:5235: test -s conftest.o
configure:5238: $? = 0
configure:5249: result: yes
configure:5265: checking whether basename is declared
configure:5289: gcc -c -g -O2 -Wno-error   conftest.c >&5
conftest.c:81:22: error: use of undeclared identifier 'basename'
  char *p = (char *) basename;
                     ^
1 error generated.
configure:5295: $? = 1
configure: failed program was:
| /* confdefs.h.  */
| 
| #define PACKAGE_NAME "cpplib"
| #define PACKAGE_TARNAME "cpplib"
| #define PACKAGE_VERSION " "
| #define PACKAGE_STRING "cpplib  "
| #define PACKAGE_BUGREPORT "gcc-bugs@gcc.gnu.org"
| #define TIME_WITH_SYS_TIME 1
| #define STRING_WITH_STRINGS 1
| #define STDC_HEADERS 1
| #define HAVE_SYS_TYPES_H 1
| #define HAVE_SYS_STAT_H 1
| #define HAVE_STDLIB_H 1
| #define HAVE_STRING_H 1
| #define HAVE_MEMORY_H 1
| #define HAVE_STRINGS_H 1
| #define HAVE_INTTYPES_H 1
| #define HAVE_STDINT_H 1
| #define HAVE_UNISTD_H 1
| #define HAVE_ICONV_H 1
| #define HAVE_LOCALE_H 1
| #define HAVE_FCNTL_H 1
| #define HAVE_LIMITS_H 1
| #define HAVE_STDDEF_H 1
| #define HAVE_STDLIB_H 1
| #define HAVE_STRINGS_H 1
| #define HAVE_STRING_H 1
| #define HAVE_SYS_FILE_H 1
| #define HAVE_UNISTD_H 1
| #define SIZEOF_INT 4
| #define SIZEOF_LONG 8
| #define HAVE_CLEARERR_UNLOCKED 1
| #define HAVE_FEOF_UNLOCKED 1
| #define HAVE_FERROR_UNLOCKED 1
| #define HAVE_FILENO_UNLOCKED 1
| #define HAVE_GETCHAR_UNLOCKED 1
| #define HAVE_GETC_UNLOCKED 1
| #define HAVE_PUTCHAR_UNLOCKED 1
| #define HAVE_PUTC_UNLOCKED 1
| #define HAVE_DECL_ABORT 1
| #define HAVE_DECL_ASPRINTF 1
| /* end confdefs.h.  */
| #include <stdio.h>
| #if HAVE_SYS_TYPES_H
| # include <sys/types.h>
| #endif
| #if HAVE_SYS_STAT_H
| # include <sys/stat.h>
| #endif
| #if STDC_HEADERS
| # include <stdlib.h>
| # include <stddef.h>
| #else
| # if HAVE_STDLIB_H
| #  include <stdlib.h>
| # endif
| #endif
| #if HAVE_STRING_H
| # if !STDC_HEADERS && HAVE_MEMORY_H
| #  include <memory.h>
| # endif
| # include <string.h>
| #endif
| #if HAVE_STRINGS_H
| # include <strings.h>
| #endif
| #if HAVE_INTTYPES_H
| # include <inttypes.h>
| #else
| # if HAVE_STDINT_H
| #  include <stdint.h>
| # endif
| #endif
| #if HAVE_UNISTD_H
| # include <unistd.h>
| #endif
| int
| main ()
| {
| #ifndef basename
|   char *p = (char *) basename;
| #endif
| 
|   ;
|   return 0;
| }
configure:5319: result: no
configure:5335: checking whether errno is declared
configure:5359: gcc -c -g -O2 -Wno-error   conftest.c >&5
conftest.c:82:22: error: use of undeclared identifier 'errno'
  char *p = (char *) errno;
                     ^
1 error generated.
configure:5365: $? = 1
configure: failed program was:
| /* confdefs.h.  */
| 
| #define PACKAGE_NAME "cpplib"
| #define PACKAGE_TARNAME "cpplib"
| #define PACKAGE_VERSION " "
| #define PACKAGE_STRING "cpplib  "
| #define PACKAGE_BUGREPORT "gcc-bugs@gcc.gnu.org"
| #define TIME_WITH_SYS_TIME 1
| #define STRING_WITH_STRINGS 1
| #define STDC_HEADERS 1
| #define HAVE_SYS_TYPES_H 1
| #define HAVE_SYS_STAT_H 1
| #define HAVE_STDLIB_H 1
| #define HAVE_STRING_H 1
| #define HAVE_MEMORY_H 1
| #define HAVE_STRINGS_H 1
| #define HAVE_INTTYPES_H 1
| #define HAVE_STDINT_H 1
| #define HAVE_UNISTD_H 1
| #define HAVE_ICONV_H 1
| #define HAVE_LOCALE_H 1
| #define HAVE_FCNTL_H 1
| #define HAVE_LIMITS_H 1
| #define HAVE_STDDEF_H 1
| #define HAVE_STDLIB_H 1
| #define HAVE_STRINGS_H 1
| #define HAVE_STRING_H 1
| #define HAVE_SYS_FILE_H 1
| #define HAVE_UNISTD_H 1
| #define SIZEOF_INT 4
| #define SIZEOF_LONG 8
| #define HAVE_CLEARERR_UNLOCKED 1
| #define HAVE_FEOF_UNLOCKED 1
| #define HAVE_FERROR_UNLOCKED 1
| #define HAVE_FILENO_UNLOCKED 1
| #define HAVE_GETCHAR_UNLOCKED 1
| #define HAVE_GETC_UNLOCKED 1
| #define HAVE_PUTCHAR_UNLOCKED 1
| #define HAVE_PUTC_UNLOCKED 1
| #define HAVE_DECL_ABORT 1
| #define HAVE_DECL_ASPRINTF 1
| #define HAVE_DECL_BASENAME 0
| /* end confdefs.h.  */
| #include <stdio.h>
| #if HAVE_SYS_TYPES_H
| # include <sys/types.h>
| #endif
| #if HAVE_SYS_STAT_H
| # include <sys/stat.h>
| #endif
| #if STDC_HEADERS
| # include <stdlib.h>
| # include <stddef.h>
| #else
| # if HAVE_STDLIB_H
| #  include <stdlib.h>
| # endif
| #endif
| #if HAVE_STRING_H
| # if !STDC_HEADERS && HAVE_MEMORY_H
| #  include <memory.h>
| # endif
| # include <string.h>
| #endif
| #if HAVE_STRINGS_H
| # include <strings.h>
| #endif
| #if HAVE_INTTYPES_H
| # include <inttypes.h>
| #else
| # if HAVE_STDINT_H
| #  include <stdint.h>
| # endif
| #endif
| #if HAVE_UNISTD_H
| # include <unistd.h>
| #endif
| int
| main ()
| {
| #ifndef errno
|   char *p = (char *) errno;
| #endif
| 
|   ;
|   return 0;
| }
configure:5389: result: no
configure:5405: checking whether getopt is declared
configure:5429: gcc -c -g -O2 -Wno-error   conftest.c >&5
configure:5435: $? = 0
configure:5439: test -z 
			 || test ! -s conftest.err
configure:5442: $? = 0
configure:5445: test -s conftest.o
configure:5448: $? = 0
configure:5459: result: yes
configure:5475: checking whether clearerr_unlocked is declared
configure:5499: gcc -c -g -O2 -Wno-error   conftest.c >&5
configure:5505: $? = 0
configure:5509: test -z 
			 || test ! -s conftest.err
configure:5512: $? = 0
configure:5515: test -s conftest.o
configure:5518: $? = 0
configure:5529: result: yes
configure:5545: checking whether feof_unlocked is declared
configure:5569: gcc -c -g -O2 -Wno-error   conftest.c >&5
configure:5575: $? = 0
configure:5579: test -z 
			 || test ! -s conftest.err
configure:5582: $? = 0
configure:5585: test -s conftest.o
configure:5588: $? = 0
configure:5599: result: yes
configure:5615: checking whether ferror_unlocked is declared
configure:5639: gcc -c -g -O2 -Wno-error   conftest.c >&5
configure:5645: $? = 0
configure:5649: test -z 
			 || test ! -s conftest.err
configure:5652: $? = 0
configure:5655: test -s conftest.o
configure:5658: $? = 0
configure:5669: result: yes
configure:5685: checking whether fflush_unlocked is declared
configure:5709: gcc -c -g -O2 -Wno-error   conftest.c >&5
conftest.c:87:22: error: use of undeclared identifier 'fflush_unlocked'
  char *p = (char *) fflush_unlocked;
                     ^
1 error generated.
configure:5715: $? = 1
configure: failed program was:
| /* confdefs.h.  */
| 
| #define PACKAGE_NAME "cpplib"
| #define PACKAGE_TARNAME "cpplib"
| #define PACKAGE_VERSION " "
| #define PACKAGE_STRING "cpplib  "
| #define PACKAGE_BUGREPORT "gcc-bugs@gcc.gnu.org"
| #define TIME_WITH_SYS_TIME 1
| #define STRING_WITH_STRINGS 1
| #define STDC_HEADERS 1
| #define HAVE_SYS_TYPES_H 1
| #define HAVE_SYS_STAT_H 1
| #define HAVE_STDLIB_H 1
| #define HAVE_STRING_H 1
| #define HAVE_MEMORY_H 1
| #define HAVE_STRINGS_H 1
| #define HAVE_INTTYPES_H 1
| #define HAVE_STDINT_H 1
| #define HAVE_UNISTD_H 1
| #define HAVE_ICONV_H 1
| #define HAVE_LOCALE_H 1
| #define HAVE_FCNTL_H 1
| #define HAVE_LIMITS_H 1
| #define HAVE_STDDEF_H 1
| #define HAVE_STDLIB_H 1
| #define HAVE_STRINGS_H 1
| #define HAVE_STRING_H 1
| #define HAVE_SYS_FILE_H 1
| #define HAVE_UNISTD_H 1
| #define SIZEOF_INT 4
| #define SIZEOF_LONG 8
| #define HAVE_CLEARERR_UNLOCKED 1
| #define HAVE_FEOF_UNLOCKED 1
| #define HAVE_FERROR_UNLOCKED 1
| #define HAVE_FILENO_UNLOCKED 1
| #define HAVE_GETCHAR_UNLOCKED 1
| #define HAVE_GETC_UNLOCKED 1
| #define HAVE_PUTCHAR_UNLOCKED 1
| #define HAVE_PUTC_UNLOCKED 1
| #define HAVE_DECL_ABORT 1
| #define HAVE_DECL_ASPRINTF 1
| #define HAVE_DECL_BASENAME 0
| #define HAVE_DECL_ERRNO 0
| #define HAVE_DECL_GETOPT 1
| #define HAVE_DECL_CLEARERR_UNLOCKED 1
| #define HAVE_DECL_FEOF_UNLOCKED 1
| #define HAVE_DECL_FERROR_UNLOCKED 1
| /* end confdefs.h.  */
| #include <stdio.h>
| #if HAVE_SYS_TYPES_H
| # include <sys/types.h>
| #endif
| #if HAVE_SYS_STAT_H
| # include <sys/stat.h>
| #endif
| #if STDC_HEADERS
| # include <stdlib.h>
| # include <stddef.h>
| #else
| # if HAVE_STDLIB_H
| #  include <stdlib.h>
| # endif
| #endif
| #if HAVE_STRING_H
| # if !STDC_HEADERS && HAVE_MEMORY_H
| #  include <memory.h>
| # endif
| # include <string.h>
| #endif
| #if HAVE_STRINGS_H
| # include <strings.h>
| #endif
| #if HAVE_INTTYPES_H
| # include <inttypes.h>
| #else
| # if HAVE_STDINT_H
| #  include <stdint.h>
| # endif
| #endif
| #if HAVE_UNISTD_H
| # include <unistd.h>
| #endif
| int
| main ()
| {
| #ifndef fflush_unlocked
|   char *p = (char *) fflush_unlocked;
| #endif
| 
|   ;
|   return 0;
| }
configure:5739: result: no
configure:5755: checking whether fgetc_unlocked is declared
configure:5779: gcc -c -g -O2 -Wno-error   conftest.c >&5
conftest.c:88:22: error: use of undeclared identifier 'fgetc_unlocked'
  char *p = (char *) fgetc_unlocked;
                     ^
1 error generated.
configure:5785: $? = 1
configure: failed program was:
| /* confdefs.h.  */
| 
| #define PACKAGE_NAME "cpplib"
| #define PACKAGE_TARNAME "cpplib"
| #define PACKAGE_VERSION " "
| #define PACKAGE_STRING "cpplib  "
| #define PACKAGE_BUGREPORT "gcc-bugs@gcc.gnu.org"
| #define TIME_WITH_SYS_TIME 1
| #define STRING_WITH_STRINGS 1
| #define STDC_HEADERS 1
| #define HAVE_SYS_TYPES_H 1
| #define HAVE_SYS_STAT_H 1
| #define HAVE_STDLIB_H 1
| #define HAVE_STRING_H 1
| #define HAVE_MEMORY_H 1
| #define HAVE_STRINGS_H 1
| #define HAVE_INTTYPES_H 1
| #define HAVE_STDINT_H 1
| #define HAVE_UNISTD_H 1
| #define HAVE_ICONV_H 1
| #define HAVE_LOCALE_H 1
| #define HAVE_FCNTL_H 1
| #define HAVE_LIMITS_H 1
| #define HAVE_STDDEF_H 1
| #define HAVE_STDLIB_H 1
| #define HAVE_STRINGS_H 1
| #define HAVE_STRING_H 1
| #define HAVE_SYS_FILE_H 1
| #define HAVE_UNISTD_H 1
| #define SIZEOF_INT 4
| #define SIZEOF_LONG 8
| #define HAVE_CLEARERR_UNLOCKED 1
| #define HAVE_FEOF_UNLOCKED 1
| #define HAVE_FERROR_UNLOCKED 1
| #define HAVE_FILENO_UNLOCKED 1
| #define HAVE_GETCHAR_UNLOCKED 1
| #define HAVE_GETC_UNLOCKED 1
| #define HAVE_PUTCHAR_UNLOCKED 1
| #define HAVE_PUTC_UNLOCKED 1
| #define HAVE_DECL_ABORT 1
| #define HAVE_DECL_ASPRINTF 1
| #define HAVE_DECL_BASENAME 0
| #define HAVE_DECL_ERRNO 0
| #define HAVE_DECL_GETOPT 1
| #define HAVE_DECL_CLEARERR_UNLOCKED 1
| #define HAVE_DECL_FEOF_UNLOCKED 1
| #define HAVE_DECL_FERROR_UNLOCKED 1
| #define HAVE_DECL_FFLUSH_UNLOCKED 0
| /* end confdefs.h.  */
| #include <stdio.h>
| #if HAVE_SYS_TYPES_H
| # include <sys/types.h>
| #endif
| #if HAVE_SYS_STAT_H
| # include <sys/stat.h>
| #endif
| #if STDC_HEADERS
| # include <stdlib.h>
| # include <stddef.h>
| #else
| # if HAVE_STDLIB_H
| #  include <stdlib.h>
| # endif
| #endif
| #if HAVE_STRING_H
| # if !STDC_HEADERS && HAVE_MEMORY_H
| #  include <memory.h>
| # endif
| # include <string.h>
| #endif
| #if HAVE_STRINGS_H
| # include <strings.h>
| #endif
| #if HAVE_INTTYPES_H
| # include <inttypes.h>
| #else
| # if HAVE_STDINT_H
| #  include <stdint.h>
| # endif
| #endif
| #if HAVE_UNISTD_H
| # include <unistd.h>
| #endif
| int
| main ()
| {
| #ifndef fgetc_unlocked
|   char *p = (char *) fgetc_unlocked;
| #endif
| 
|   ;
|   return 0;
| }
configure:5809: result: no
configure:5825: checking whether fgets_unlocked is declared
configure:5849: gcc -c -g -O2 -Wno-error   conftest.c >&5
conftest.c:89:22: error: use of undeclared identifier 'fgets_unlocked'
  char *p = (char *) fgets_unlocked;
                     ^
1 error generated.
configure:5855: $? = 1
configure: failed program was:
| /* confdefs.h.  */
| 
| #define PACKAGE_NAME "cpplib"
| #define PACKAGE_TARNAME "cpplib"
| #define PACKAGE_VERSION " "
| #define PACKAGE_STRING "cpplib  "
| #define PACKAGE_BUGREPORT "gcc-bugs@gcc.gnu.org"
| #define TIME_WITH_SYS_TIME 1
| #define STRING_WITH_STRINGS 1
| #define STDC_HEADERS 1
| #define HAVE_SYS_TYPES_H 1
| #define HAVE_SYS_STAT_H 1
| #define HAVE_STDLIB_H 1
| #define HAVE_STRING_H 1
| #define HAVE_MEMORY_H 1
| #define HAVE_STRINGS_H 1
| #define HAVE_INTTYPES_H 1
| #define HAVE_STDINT_H 1
| #define HAVE_UNISTD_H 1
| #define HAVE_ICONV_H 1
| #define HAVE_LOCALE_H 1
| #define HAVE_FCNTL_H 1
| #define HAVE_LIMITS_H 1
| #define HAVE_STDDEF_H 1
| #define HAVE_STDLIB_H 1
| #define HAVE_STRINGS_H 1
| #define HAVE_STRING_H 1
| #define HAVE_SYS_FILE_H 1
| #define HAVE_UNISTD_H 1
| #define SIZEOF_INT 4
| #define SIZEOF_LONG 8
| #define HAVE_CLEARERR_UNLOCKED 1
| #define HAVE_FEOF_UNLOCKED 1
| #define HAVE_FERROR_UNLOCKED 1
| #define HAVE_FILENO_UNLOCKED 1
| #define HAVE_GETCHAR_UNLOCKED 1
| #define HAVE_GETC_UNLOCKED 1
| #define HAVE_PUTCHAR_UNLOCKED 1
| #define HAVE_PUTC_UNLOCKED 1
| #define HAVE_DECL_ABORT 1
| #define HAVE_DECL_ASPRINTF 1
| #define HAVE_DECL_BASENAME 0
| #define HAVE_DECL_ERRNO 0
| #define HAVE_DECL_GETOPT 1
| #define HAVE_DECL_CLEARERR_UNLOCKED 1
| #define HAVE_DECL_FEOF_UNLOCKED 1
| #define HAVE_DECL_FERROR_UNLOCKED 1
| #define HAVE_DECL_FFLUSH_UNLOCKED 0
| #define HAVE_DECL_FGETC_UNLOCKED 0
| /* end confdefs.h.  */
| #include <stdio.h>
| #if HAVE_SYS_TYPES_H
| # include <sys/types.h>
| #endif
| #if HAVE_SYS_STAT_H
| # include <sys/stat.h>
| #endif
| #if STDC_HEADERS
| # include <stdlib.h>
| # include <stddef.h>
| #else
| # if HAVE_STDLIB_H
| #  include <stdlib.h>
| # endif
| #endif
| #if HAVE_STRING_H
| # if !STDC_HEADERS && HAVE_MEMORY_H
| #  include <memory.h>
| # endif
| # include <string.h>
| #endif
| #if HAVE_STRINGS_H
| # include <strings.h>
| #endif
| #if HAVE_INTTYPES_H
| # include <inttypes.h>
| #else
| # if HAVE_STDINT_H
| #  include <stdint.h>
| # endif
| #endif
| #if HAVE_UNISTD_H
| # include <unistd.h>
| #endif
| int
| main ()
| {
| #ifndef fgets_unlocked
|   char *p = (char *) fgets_unlocked;
| #endif
| 
|   ;
|   return 0;
| }
configure:5879: result: no
configure:5895: checking whether fileno_unlocked is declared
configure:5919: gcc -c -g -O2 -Wno-error   conftest.c >&5
configure:5925: $? = 0
configure:5929: test -z 
			 || test ! -s conftest.err
configure:5932: $? = 0
configure:5935: test -s conftest.o
configure:5938: $? = 0
configure:5949: result: yes
configure:5965: checking whether fprintf_unlocked is declared
configure:5989: gcc -c -g -O2 -Wno-error   conftest.c >&5
conftest.c:91:22: error: use of undeclared identifier 'fprintf_unlocked'
  char *p = (char *) fprintf_unlocked;
                     ^
1 error generated.
configure:5995: $? = 1
configure: failed program was:
| /* confdefs.h.  */
| 
| #define PACKAGE_NAME "cpplib"
| #define PACKAGE_TARNAME "cpplib"
| #define PACKAGE_VERSION " "
| #define PACKAGE_STRING "cpplib  "
| #define PACKAGE_BUGREPORT "gcc-bugs@gcc.gnu.org"
| #define TIME_WITH_SYS_TIME 1
| #define STRING_WITH_STRINGS 1
| #define STDC_HEADERS 1
| #define HAVE_SYS_TYPES_H 1
| #define HAVE_SYS_STAT_H 1
| #define HAVE_STDLIB_H 1
| #define HAVE_STRING_H 1
| #define HAVE_MEMORY_H 1
| #define HAVE_STRINGS_H 1
| #define HAVE_INTTYPES_H 1
| #define HAVE_STDINT_H 1
| #define HAVE_UNISTD_H 1
| #define HAVE_ICONV_H 1
| #define HAVE_LOCALE_H 1
| #define HAVE_FCNTL_H 1
| #define HAVE_LIMITS_H 1
| #define HAVE_STDDEF_H 1
| #define HAVE_STDLIB_H 1
| #define HAVE_STRINGS_H 1
| #define HAVE_STRING_H 1
| #define HAVE_SYS_FILE_H 1
| #define HAVE_UNISTD_H 1
| #define SIZEOF_INT 4
| #define SIZEOF_LONG 8
| #define HAVE_CLEARERR_UNLOCKED 1
| #define HAVE_FEOF_UNLOCKED 1
| #define HAVE_FERROR_UNLOCKED 1
| #define HAVE_FILENO_UNLOCKED 1
| #define HAVE_GETCHAR_UNLOCKED 1
| #define HAVE_GETC_UNLOCKED 1
| #define HAVE_PUTCHAR_UNLOCKED 1
| #define HAVE_PUTC_UNLOCKED 1
| #define HAVE_DECL_ABORT 1
| #define HAVE_DECL_ASPRINTF 1
| #define HAVE_DECL_BASENAME 0
| #define HAVE_DECL_ERRNO 0
| #define HAVE_DECL_GETOPT 1
| #define HAVE_DECL_CLEARERR_UNLOCKED 1
| #define HAVE_DECL_FEOF_UNLOCKED 1
| #define HAVE_DECL_FERROR_UNLOCKED 1
| #define HAVE_DECL_FFLUSH_UNLOCKED 0
| #define HAVE_DECL_FGETC_UNLOCKED 0
| #define HAVE_DECL_FGETS_UNLOCKED 0
| #define HAVE_DECL_FILENO_UNLOCKED 1
| /* end confdefs.h.  */
| #include <stdio.h>
| #if HAVE_SYS_TYPES_H
| # include <sys/types.h>
| #endif
| #if HAVE_SYS_STAT_H
| # include <sys/stat.h>
| #endif
| #if STDC_HEADERS
| # include <stdlib.h>
| # include <stddef.h>
| #else
| # if HAVE_STDLIB_H
| #  include <stdlib.h>
| # endif
| #endif
| #if HAVE_STRING_H
| # if !STDC_HEADERS && HAVE_MEMORY_H
| #  include <memory.h>
| # endif
| # include <string.h>
| #endif
| #if HAVE_STRINGS_H
| # include <strings.h>
| #endif
| #if HAVE_INTTYPES_H
| # include <inttypes.h>
| #else
| # if HAVE_STDINT_H
| #  include <stdint.h>
| # endif
| #endif
| #if HAVE_UNISTD_H
| # include <unistd.h>
| #endif
| int
| main ()
| {
| #ifndef fprintf_unlocked
|   char *p = (char *) fprintf_unlocked;
| #endif
| 
|   ;
|   return 0;
| }
configure:6019: result: no
configure:6035: checking whether fputc_unlocked is declared
configure:6059: gcc -c -g -O2 -Wno-error   conftest.c >&5
conftest.c:92:22: error: use of undeclared identifier 'fputc_unlocked'
  char *p = (char *) fputc_unlocked;
                     ^
1 error generated.
configure:6065: $? = 1
configure: failed program was:
| /* confdefs.h.  */
| 
| #define PACKAGE_NAME "cpplib"
| #define PACKAGE_TARNAME "cpplib"
| #define PACKAGE_VERSION " "
| #define PACKAGE_STRING "cpplib  "
| #define PACKAGE_BUGREPORT "gcc-bugs@gcc.gnu.org"
| #define TIME_WITH_SYS_TIME 1
| #define STRING_WITH_STRINGS 1
| #define STDC_HEADERS 1
| #define HAVE_SYS_TYPES_H 1
| #define HAVE_SYS_STAT_H 1
| #define HAVE_STDLIB_H 1
| #define HAVE_STRING_H 1
| #define HAVE_MEMORY_H 1
| #define HAVE_STRINGS_H 1
| #define HAVE_INTTYPES_H 1
| #define HAVE_STDINT_H 1
| #define HAVE_UNISTD_H 1
| #define HAVE_ICONV_H 1
| #define HAVE_LOCALE_H 1
| #define HAVE_FCNTL_H 1
| #define HAVE_LIMITS_H 1
| #define HAVE_STDDEF_H 1
| #define HAVE_STDLIB_H 1
| #define HAVE_STRINGS_H 1
| #define HAVE_STRING_H 1
| #define HAVE_SYS_FILE_H 1
| #define HAVE_UNISTD_H 1
| #define SIZEOF_INT 4
| #define SIZEOF_LONG 8
| #define HAVE_CLEARERR_UNLOCKED 1
| #define HAVE_FEOF_UNLOCKED 1
| #define HAVE_FERROR_UNLOCKED 1
| #define HAVE_FILENO_UNLOCKED 1
| #define HAVE_GETCHAR_UNLOCKED 1
| #define HAVE_GETC_UNLOCKED 1
| #define HAVE_PUTCHAR_UNLOCKED 1
| #define HAVE_PUTC_UNLOCKED 1
| #define HAVE_DECL_ABORT 1
| #define HAVE_DECL_ASPRINTF 1
| #define HAVE_DECL_BASENAME 0
| #define HAVE_DECL_ERRNO 0
| #define HAVE_DECL_GETOPT 1
| #define HAVE_DECL_CLEARERR_UNLOCKED 1
| #define HAVE_DECL_FEOF_UNLOCKED 1
| #define HAVE_DECL_FERROR_UNLOCKED 1
| #define HAVE_DECL_FFLUSH_UNLOCKED 0
| #define HAVE_DECL_FGETC_UNLOCKED 0
| #define HAVE_DECL_FGETS_UNLOCKED 0
| #define HAVE_DECL_FILENO_UNLOCKED 1
| #define HAVE_DECL_FPRINTF_UNLOCKED 0
| /* end confdefs.h.  */
| #include <stdio.h>
| #if HAVE_SYS_TYPES_H
| # include <sys/types.h>
| #endif
| #if HAVE_SYS_STAT_H
| # include <sys/stat.h>
| #endif
| #if STDC_HEADERS
| # include <stdlib.h>
| # include <stddef.h>
| #else
| # if HAVE_STDLIB_H
| #  include <stdlib.h>
| # endif
| #endif
| #if HAVE_STRING_H
| # if !STDC_HEADERS && HAVE_MEMORY_H
| #  include <memory.h>
| # endif
| # include <string.h>
| #endif
| #if HAVE_STRINGS_H
| # include <strings.h>
| #endif
| #if HAVE_INTTYPES_H
| # include <inttypes.h>
| #else
| # if HAVE_STDINT_H
| #  include <stdint.h>
| # endif
| #endif
| #if HAVE_UNISTD_H
| # include <unistd.h>
| #endif
| int
| main ()
| {
| #ifndef fputc_unlocked
|   char *p = (char *) fputc_unlocked;
| #endif
| 
|   ;
|   return 0;
| }
configure:6089: result: no
configure:6105: checking whether fputs_unlocked is declared
configure:6129: gcc -c -g -O2 -Wno-error   conftest.c >&5
conftest.c:93:22: error: use of undeclared identifier 'fputs_unlocked'
  char *p = (char *) fputs_unlocked;
                     ^
1 error generated.
configure:6135: $? = 1
configure: failed program was:
| /* confdefs.h.  */
| 
| #define PACKAGE_NAME "cpplib"
| #define PACKAGE_TARNAME "cpplib"
| #define PACKAGE_VERSION " "
| #define PACKAGE_STRING "cpplib  "
| #define PACKAGE_BUGREPORT "gcc-bugs@gcc.gnu.org"
| #define TIME_WITH_SYS_TIME 1
| #define STRING_WITH_STRINGS 1
| #define STDC_HEADERS 1
| #define HAVE_SYS_TYPES_H 1
| #define HAVE_SYS_STAT_H 1
| #define HAVE_STDLIB_H 1
| #define HAVE_STRING_H 1
| #define HAVE_MEMORY_H 1
| #define HAVE_STRINGS_H 1
| #define HAVE_INTTYPES_H 1
| #define HAVE_STDINT_H 1
| #define HAVE_UNISTD_H 1
| #define HAVE_ICONV_H 1
| #define HAVE_LOCALE_H 1
| #define HAVE_FCNTL_H 1
| #define HAVE_LIMITS_H 1
| #define HAVE_STDDEF_H 1
| #define HAVE_STDLIB_H 1
| #define HAVE_STRINGS_H 1
| #define HAVE_STRING_H 1
| #define HAVE_SYS_FILE_H 1
| #define HAVE_UNISTD_H 1
| #define SIZEOF_INT 4
| #define SIZEOF_LONG 8
| #define HAVE_CLEARERR_UNLOCKED 1
| #define HAVE_FEOF_UNLOCKED 1
| #define HAVE_FERROR_UNLOCKED 1
| #define HAVE_FILENO_UNLOCKED 1
| #define HAVE_GETCHAR_UNLOCKED 1
| #define HAVE_GETC_UNLOCKED 1
| #define HAVE_PUTCHAR_UNLOCKED 1
| #define HAVE_PUTC_UNLOCKED 1
| #define HAVE_DECL_ABORT 1
| #define HAVE_DECL_ASPRINTF 1
| #define HAVE_DECL_BASENAME 0
| #define HAVE_DECL_ERRNO 0
| #define HAVE_DECL_GETOPT 1
| #define HAVE_DECL_CLEARERR_UNLOCKED 1
| #define HAVE_DECL_FEOF_UNLOCKED 1
| #define HAVE_DECL_FERROR_UNLOCKED 1
| #define HAVE_DECL_FFLUSH_UNLOCKED 0
| #define HAVE_DECL_FGETC_UNLOCKED 0
| #define HAVE_DECL_FGETS_UNLOCKED 0
| #define HAVE_DECL_FILENO_UNLOCKED 1
| #define HAVE_DECL_FPRINTF_UNLOCKED 0
| #define HAVE_DECL_FPUTC_UNLOCKED 0
| /* end confdefs.h.  */
| #include <stdio.h>
| #if HAVE_SYS_TYPES_H
| # include <sys/types.h>
| #endif
| #if HAVE_SYS_STAT_H
| # include <sys/stat.h>
| #endif
| #if STDC_HEADERS
| # include <stdlib.h>
| # include <stddef.h>
| #else
| # if HAVE_STDLIB_H
| #  include <stdlib.h>
| # endif
| #endif
| #if HAVE_STRING_H
| # if !STDC_HEADERS && HAVE_MEMORY_H
| #  include <memory.h>
| # endif
| # include <string.h>
| #endif
| #if HAVE_STRINGS_H
| # include <strings.h>
| #endif
| #if HAVE_INTTYPES_H
| # include <inttypes.h>
| #else
| # if HAVE_STDINT_H
| #  include <stdint.h>
| # endif
| #endif
| #if HAVE_UNISTD_H
| # include <unistd.h>
| #endif
| int
| main ()
| {
| #ifndef fputs_unlocked
|   char *p = (char *) fputs_unlocked;
| #endif
| 
|   ;
|   return 0;
| }
configure:6159: result: no
configure:6175: checking whether fread_unlocked is declared
configure:6199: gcc -c -g -O2 -Wno-error   conftest.c >&5
conftest.c:94:22: error: use of undeclared identifier 'fread_unlocked'
  char *p = (char *) fread_unlocked;
                     ^
1 error generated.
configure:6205: $? = 1
configure: failed program was:
| /* confdefs.h.  */
| 
| #define PACKAGE_NAME "cpplib"
| #define PACKAGE_TARNAME "cpplib"
| #define PACKAGE_VERSION " "
| #define PACKAGE_STRING "cpplib  "
| #define PACKAGE_BUGREPORT "gcc-bugs@gcc.gnu.org"
| #define TIME_WITH_SYS_TIME 1
| #define STRING_WITH_STRINGS 1
| #define STDC_HEADERS 1
| #define HAVE_SYS_TYPES_H 1
| #define HAVE_SYS_STAT_H 1
| #define HAVE_STDLIB_H 1
| #define HAVE_STRING_H 1
| #define HAVE_MEMORY_H 1
| #define HAVE_STRINGS_H 1
| #define HAVE_INTTYPES_H 1
| #define HAVE_STDINT_H 1
| #define HAVE_UNISTD_H 1
| #define HAVE_ICONV_H 1
| #define HAVE_LOCALE_H 1
| #define HAVE_FCNTL_H 1
| #define HAVE_LIMITS_H 1
| #define HAVE_STDDEF_H 1
| #define HAVE_STDLIB_H 1
| #define HAVE_STRINGS_H 1
| #define HAVE_STRING_H 1
| #define HAVE_SYS_FILE_H 1
| #define HAVE_UNISTD_H 1
| #define SIZEOF_INT 4
| #define SIZEOF_LONG 8
| #define HAVE_CLEARERR_UNLOCKED 1
| #define HAVE_FEOF_UNLOCKED 1
| #define HAVE_FERROR_UNLOCKED 1
| #define HAVE_FILENO_UNLOCKED 1
| #define HAVE_GETCHAR_UNLOCKED 1
| #define HAVE_GETC_UNLOCKED 1
| #define HAVE_PUTCHAR_UNLOCKED 1
| #define HAVE_PUTC_UNLOCKED 1
| #define HAVE_DECL_ABORT 1
| #define HAVE_DECL_ASPRINTF 1
| #define HAVE_DECL_BASENAME 0
| #define HAVE_DECL_ERRNO 0
| #define HAVE_DECL_GETOPT 1
| #define HAVE_DECL_CLEARERR_UNLOCKED 1
| #define HAVE_DECL_FEOF_UNLOCKED 1
| #define HAVE_DECL_FERROR_UNLOCKED 1
| #define HAVE_DECL_FFLUSH_UNLOCKED 0
| #define HAVE_DECL_FGETC_UNLOCKED 0
| #define HAVE_DECL_FGETS_UNLOCKED 0
| #define HAVE_DECL_FILENO_UNLOCKED 1
| #define HAVE_DECL_FPRINTF_UNLOCKED 0
| #define HAVE_DECL_FPUTC_UNLOCKED 0
| #define HAVE_DECL_FPUTS_UNLOCKED 0
| /* end confdefs.h.  */
| #include <stdio.h>
| #if HAVE_SYS_TYPES_H
| # include <sys/types.h>
| #endif
| #if HAVE_SYS_STAT_H
| # include <sys/stat.h>
| #endif
| #if STDC_HEADERS
| # include <stdlib.h>
| # include <stddef.h>
| #else
| # if HAVE_STDLIB_H
| #  include <stdlib.h>
| # endif
| #endif
| #if HAVE_STRING_H
| # if !STDC_HEADERS && HAVE_MEMORY_H
| #  include <memory.h>
| # endif
| # include <string.h>
| #endif
| #if HAVE_STRINGS_H
| # include <strings.h>
| #endif
| #if HAVE_INTTYPES_H
| # include <inttypes.h>
| #else
| # if HAVE_STDINT_H
| #  include <stdint.h>
| # endif
| #endif
| #if HAVE_UNISTD_H
| # include <unistd.h>
| #endif
| int
| main ()
| {
| #ifndef fread_unlocked
|   char *p = (char *) fread_unlocked;
| #endif
| 
|   ;
|   return 0;
| }
configure:6229: result: no
configure:6245: checking whether fwrite_unlocked is declared
configure:6269: gcc -c -g -O2 -Wno-error   conftest.c >&5
conftest.c:95:22: error: use of undeclared identifier 'fwrite_unlocked'
  char *p = (char *) fwrite_unlocked;
                     ^
1 error generated.
configure:6275: $? = 1
configure: failed program was:
| /* confdefs.h.  */
| 
| #define PACKAGE_NAME "cpplib"
| #define PACKAGE_TARNAME "cpplib"
| #define PACKAGE_VERSION " "
| #define PACKAGE_STRING "cpplib  "
| #define PACKAGE_BUGREPORT "gcc-bugs@gcc.gnu.org"
| #define TIME_WITH_SYS_TIME 1
| #define STRING_WITH_STRINGS 1
| #define STDC_HEADERS 1
| #define HAVE_SYS_TYPES_H 1
| #define HAVE_SYS_STAT_H 1
| #define HAVE_STDLIB_H 1
| #define HAVE_STRING_H 1
| #define HAVE_MEMORY_H 1
| #define HAVE_STRINGS_H 1
| #define HAVE_INTTYPES_H 1
| #define HAVE_STDINT_H 1
| #define HAVE_UNISTD_H 1
| #define HAVE_ICONV_H 1
| #define HAVE_LOCALE_H 1
| #define HAVE_FCNTL_H 1
| #define HAVE_LIMITS_H 1
| #define HAVE_STDDEF_H 1
| #define HAVE_STDLIB_H 1
| #define HAVE_STRINGS_H 1
| #define HAVE_STRING_H 1
| #define HAVE_SYS_FILE_H 1
| #define HAVE_UNISTD_H 1
| #define SIZEOF_INT 4
| #define SIZEOF_LONG 8
| #define HAVE_CLEARERR_UNLOCKED 1
| #define HAVE_FEOF_UNLOCKED 1
| #define HAVE_FERROR_UNLOCKED 1
| #define HAVE_FILENO_UNLOCKED 1
| #define HAVE_GETCHAR_UNLOCKED 1
| #define HAVE_GETC_UNLOCKED 1
| #define HAVE_PUTCHAR_UNLOCKED 1
| #define HAVE_PUTC_UNLOCKED 1
| #define HAVE_DECL_ABORT 1
| #define HAVE_DECL_ASPRINTF 1
| #define HAVE_DECL_BASENAME 0
| #define HAVE_DECL_ERRNO 0
| #define HAVE_DECL_GETOPT 1
| #define HAVE_DECL_CLEARERR_UNLOCKED 1
| #define HAVE_DECL_FEOF_UNLOCKED 1
| #define HAVE_DECL_FERROR_UNLOCKED 1
| #define HAVE_DECL_FFLUSH_UNLOCKED 0
| #define HAVE_DECL_FGETC_UNLOCKED 0
| #define HAVE_DECL_FGETS_UNLOCKED 0
| #define HAVE_DECL_FILENO_UNLOCKED 1
| #define HAVE_DECL_FPRINTF_UNLOCKED 0
| #define HAVE_DECL_FPUTC_UNLOCKED 0
| #define HAVE_DECL_FPUTS_UNLOCKED 0
| #define HAVE_DECL_FREAD_UNLOCKED 0
| /* end confdefs.h.  */
| #include <stdio.h>
| #if HAVE_SYS_TYPES_H
| # include <sys/types.h>
| #endif
| #if HAVE_SYS_STAT_H
| # include <sys/stat.h>
| #endif
| #if STDC_HEADERS
| # include <stdlib.h>
| # include <stddef.h>
| #else
| # if HAVE_STDLIB_H
| #  include <stdlib.h>
| # endif
| #endif
| #if HAVE_STRING_H
| # if !STDC_HEADERS && HAVE_MEMORY_H
| #  include <memory.h>
| # endif
| # include <string.h>
| #endif
| #if HAVE_STRINGS_H
| # include <strings.h>
| #endif
| #if HAVE_INTTYPES_H
| # include <inttypes.h>
| #else
| # if HAVE_STDINT_H
| #  include <stdint.h>
| # endif
| #endif
| #if HAVE_UNISTD_H
| # include <unistd.h>
| #endif
| int
| main ()
| {
| #ifndef fwrite_unlocked
|   char *p = (char *) fwrite_unlocked;
| #endif
| 
|   ;
|   return 0;
| }
configure:6299: result: no
configure:6315: checking whether getchar_unlocked is declared
configure:6339: gcc -c -g -O2 -Wno-error   conftest.c >&5
configure:6345: $? = 0
configure:6349: test -z 
			 || test ! -s conftest.err
configure:6352: $? = 0
configure:6355: test -s conftest.o
configure:6358: $? = 0
configure:6369: result: yes
configure:6385: checking whether getc_unlocked is declared
configure:6409: gcc -c -g -O2 -Wno-error   conftest.c >&5
configure:6415: $? = 0
configure:6419: test -z 
			 || test ! -s conftest.err
configure:6422: $? = 0
configure:6425: test -s conftest.o
configure:6428: $? = 0
configure:6439: result: yes
configure:6455: checking whether putchar_unlocked is declared
configure:6479: gcc -c -g -O2 -Wno-error   conftest.c >&5
configure:6485: $? = 0
configure:6489: test -z 
			 || test ! -s conftest.err
configure:6492: $? = 0
configure:6495: test -s conftest.o
configure:6498: $? = 0
configure:6509: result: yes
configure:6525: checking whether putc_unlocked is declared
configure:6549: gcc -c -g -O2 -Wno-error   conftest.c >&5
configure:6555: $? = 0
configure:6559: test -z 
			 || test ! -s conftest.err
configure:6562: $? = 0
configure:6565: test -s conftest.o
configure:6568: $? = 0
configure:6579: result: yes
configure:6595: checking whether vasprintf is declared
configure:6619: gcc -c -g -O2 -Wno-error   conftest.c >&5
configure:6625: $? = 0
configure:6629: test -z 
			 || test ! -s conftest.err
configure:6632: $? = 0
configure:6635: test -s conftest.o
configure:6638: $? = 0
configure:6649: result: yes
configure:6671: checking for working alloca.h
configure:6692: gcc -o conftest -g -O2 -Wno-error    conftest.c  >&5
configure:6698: $? = 0
configure:6702: test -z 
			 || test ! -s conftest.err
configure:6705: $? = 0
configure:6708: test -s conftest
configure:6711: $? = 0
configure:6723: result: yes
configure:6733: checking for alloca
configure:6774: gcc -o conftest -g -O2 -Wno-error    conftest.c  >&5
configure:6780: $? = 0
configure:6784: test -z 
			 || test ! -s conftest.err
configure:6787: $? = 0
configure:6790: test -s conftest
configure:6793: $? = 0
configure:6805: result: yes
configure:7028: checking for ANSI C header files
configure:7184: result: yes
configure:7195: checking for nl_langinfo and CODESET
configure:7216: gcc -o conftest -g -O2 -Wno-error    conftest.c  >&5
configure:7222: $? = 0
configure:7226: test -z 
			 || test ! -s conftest.err
configure:7229: $? = 0
configure:7232: test -s conftest
configure:7235: $? = 0
configure:7248: result: yes
configure:7270: checking whether NLS is requested
configure:7276: result: yes
configure:7284: checking for catalogs to be installed
configure:7316: result:  be ca da de el es fr ja nl rw sv tr vi zh_CN zh_TW be ca da de el es fr ja nl rw sv tr vi zh_CN zh_TW
configure:7320: checking for uchar
configure:7344: gcc -c -g -O2 -Wno-error   conftest.c >&5
conftest.c:74:13: error: expected expression
if ((uchar *)0) return 0;
            ^
conftest.c:74:6: error: use of undeclared identifier 'uchar'
if ((uchar *)0) return 0;
     ^
conftest.c:75:13: error: use of undeclared identifier 'uchar'
 if (sizeof(uchar)) return 0;
            ^
3 errors generated.
configure:7350: $? = 1
configure: failed program was:
| /* confdefs.h.  */
| 
| #define PACKAGE_NAME "cpplib"
| #define PACKAGE_TARNAME "cpplib"
| #define PACKAGE_VERSION " "
| #define PACKAGE_STRING "cpplib  "
| #define PACKAGE_BUGREPORT "gcc-bugs@gcc.gnu.org"
| #define TIME_WITH_SYS_TIME 1
| #define STRING_WITH_STRINGS 1
| #define STDC_HEADERS 1
| #define HAVE_SYS_TYPES_H 1
| #define HAVE_SYS_STAT_H 1
| #define HAVE_STDLIB_H 1
| #define HAVE_STRING_H 1
| #define HAVE_MEMORY_H 1
| #define HAVE_STRINGS_H 1
| #define HAVE_INTTYPES_H 1
| #define HAVE_STDINT_H 1
| #define HAVE_UNISTD_H 1
| #define HAVE_ICONV_H 1
| #define HAVE_LOCALE_H 1
| #define HAVE_FCNTL_H 1
| #define HAVE_LIMITS_H 1
| #define HAVE_STDDEF_H 1
| #define HAVE_STDLIB_H 1
| #define HAVE_STRINGS_H 1
| #define HAVE_STRING_H 1
| #define HAVE_SYS_FILE_H 1
| #define HAVE_UNISTD_H 1
| #define SIZEOF_INT 4
| #define SIZEOF_LONG 8
| #define HAVE_CLEARERR_UNLOCKED 1
| #define HAVE_FEOF_UNLOCKED 1
| #define HAVE_FERROR_UNLOCKED 1
| #define HAVE_FILENO_UNLOCKED 1
| #define HAVE_GETCHAR_UNLOCKED 1
| #define HAVE_GETC_UNLOCKED 1
| #define HAVE_PUTCHAR_UNLOCKED 1
| #define HAVE_PUTC_UNLOCKED 1
| #define HAVE_DECL_ABORT 1
| #define HAVE_DECL_ASPRINTF 1
| #define HAVE_DECL_BASENAME 0
| #define HAVE_DECL_ERRNO 0
| #define HAVE_DECL_GETOPT 1
| #define HAVE_DECL_CLEARERR_UNLOCKED 1
| #define HAVE_DECL_FEOF_UNLOCKED 1
| #define HAVE_DECL_FERROR_UNLOCKED 1
| #define HAVE_DECL_FFLUSH_UNLOCKED 0
| #define HAVE_DECL_FGETC_UNLOCKED 0
| #define HAVE_DECL_FGETS_UNLOCKED 0
| #define HAVE_DECL_FILENO_UNLOCKED 1
| #define HAVE_DECL_FPRINTF_UNLOCKED 0
| #define HAVE_DECL_FPUTC_UNLOCKED 0
| #define HAVE_DECL_FPUTS_UNLOCKED 0
| #define HAVE_DECL_FREAD_UNLOCKED 0
| #define HAVE_DECL_FWRITE_UNLOCKED 0
| #define HAVE_DECL_GETCHAR_UNLOCKED 1
| #define HAVE_DECL_GETC_UNLOCKED 1
| #define HAVE_DECL_PUTCHAR_UNLOCKED 1
| #define HAVE_DECL_PUTC_UNLOCKED 1
| #define HAVE_DECL_VASPRINTF 1
| #define HAVE_ALLOCA_H 1
| #define HAVE_ALLOCA 1
| #define STDC_HEADERS 1
| #define HAVE_LANGINFO_CODESET 1
| #define ENABLE_NLS 1
| /* end confdefs.h.  */
| 
| #include <sys/types.h>
| 
| int
| main ()
| {
| if ((uchar *)0) return 0;
|  if (sizeof(uchar)) return 0;
|   ;
|   return 0;
| }
configure:7374: result: 
configure:7424: checking for ld used by GCC
configure:7487: result: /Library/Developer/CommandLineTools/usr/bin/ld
configure:7496: checking if the linker (/Library/Developer/CommandLineTools/usr/bin/ld) is GNU ld
configure:7508: result: no
configure:7514: checking for shared library run path origin
configure:7527: result: done
configure:7957: checking for iconv
configure:7984: gcc -o conftest -g -O2 -Wno-error    conftest.c  >&5
Undefined symbols for architecture x86_64:
  "_iconv", referenced from:
      _main in conftest-816353.o
  "_iconv_close", referenced from:
      _main in conftest-816353.o
  "_iconv_open", referenced from:
      _main in conftest-816353.o
ld: symbol(s) not found for architecture x86_64
clang: error: linker command failed with exit code 1 (use -v to see invocation)
configure:7990: $? = 1
configure: failed program was:
| /* confdefs.h.  */
| 
| #define PACKAGE_NAME "cpplib"
| #define PACKAGE_TARNAME "cpplib"
| #define PACKAGE_VERSION " "
| #define PACKAGE_STRING "cpplib  "
| #define PACKAGE_BUGREPORT "gcc-bugs@gcc.gnu.org"
| #define TIME_WITH_SYS_TIME 1
| #define STRING_WITH_STRINGS 1
| #define STDC_HEADERS 1
| #define HAVE_SYS_TYPES_H 1
| #define HAVE_SYS_STAT_H 1
| #define HAVE_STDLIB_H 1
| #define HAVE_STRING_H 1
| #define HAVE_MEMORY_H 1
| #define HAVE_STRINGS_H 1
| #define HAVE_INTTYPES_H 1
| #define HAVE_STDINT_H 1
| #define HAVE_UNISTD_H 1
| #define HAVE_ICONV_H 1
| #define HAVE_LOCALE_H 1
| #define HAVE_FCNTL_H 1
| #define HAVE_LIMITS_H 1
| #define HAVE_STDDEF_H 1
| #define HAVE_STDLIB_H 1
| #define HAVE_STRINGS_H 1
| #define HAVE_STRING_H 1
| #define HAVE_SYS_FILE_H 1
| #define HAVE_UNISTD_H 1
| #define SIZEOF_INT 4
| #define SIZEOF_LONG 8
| #define HAVE_CLEARERR_UNLOCKED 1
| #define HAVE_FEOF_UNLOCKED 1
| #define HAVE_FERROR_UNLOCKED 1
| #define HAVE_FILENO_UNLOCKED 1
| #define HAVE_GETCHAR_UNLOCKED 1
| #define HAVE_GETC_UNLOCKED 1
| #define HAVE_PUTCHAR_UNLOCKED 1
| #define HAVE_PUTC_UNLOCKED 1
| #define HAVE_DECL_ABORT 1
| #define HAVE_DECL_ASPRINTF 1
| #define HAVE_DECL_BASENAME 0
| #define HAVE_DECL_ERRNO 0
| #define HAVE_DECL_GETOPT 1
| #define HAVE_DECL_CLEARERR_UNLOCKED 1
| #define HAVE_DECL_FEOF_UNLOCKED 1
| #define HAVE_DECL_FERROR_UNLOCKED 1
| #define HAVE_DECL_FFLUSH_UNLOCKED 0
| #define HAVE_DECL_FGETC_UNLOCKED 0
| #define HAVE_DECL_FGETS_UNLOCKED 0
| #define HAVE_DECL_FILENO_UNLOCKED 1
| #define HAVE_DECL_FPRINTF_UNLOCKED 0
| #define HAVE_DECL_FPUTC_UNLOCKED 0
| #define HAVE_DECL_FPUTS_UNLOCKED 0
| #define HAVE_DECL_FREAD_UNLOCKED 0
| #define HAVE_DECL_FWRITE_UNLOCKED 0
| #define HAVE_DECL_GETCHAR_UNLOCKED 1
| #define HAVE_DECL_GETC_UNLOCKED 1
| #define HAVE_DECL_PUTCHAR_UNLOCKED 1
| #define HAVE_DECL_PUTC_UNLOCKED 1
| #define HAVE_DECL_VASPRINTF 1
| #define HAVE_ALLOCA_H 1
| #define HAVE_ALLOCA 1
| #define STDC_HEADERS 1
| #define HAVE_LANGINFO_CODESET 1
| #define ENABLE_NLS 1
| /* end confdefs.h.  */
| #include <stdlib.h>
| #include <iconv.h>
| int
| main ()
| {
| iconv_t cd = iconv_open("","");
|        iconv(cd,NULL,NULL,NULL,NULL);
|        iconv_close(cd);
|   ;
|   return 0;
| }
configure:8035: gcc -o conftest -g -O2 -Wno-error    conftest.c  -liconv >&5
configure:8041: $? = 0
configure:8045: test -z 
			 || test ! -s conftest.err
configure:8048: $? = 0
configure:8051: test -s conftest
configure:8054: $? = 0
configure:8069: result: yes
configure:8079: checking how to link with libiconv
configure:8081: result: -liconv
configure:8092: checking for iconv declaration
configure:8126: gcc -c -g -O2 -Wno-error   conftest.c >&5
configure:8132: $? = 0
configure:8136: test -z 
			 || test ! -s conftest.err
configure:8139: $? = 0
configure:8142: test -s conftest.o
configure:8145: $? = 0
configure:8160: result: 
         extern size_t iconv (iconv_t cd, char * *inbuf, size_t *inbytesleft, char * *outbuf, size_t *outbytesleft);
configure:8354: creating ./config.status

## ---------------------- ##
## Running config.status. ##
## ---------------------- ##

This file was extended by cpplib config.status  , which was
generated by GNU Autoconf 2.59.  Invocation command line was

  CONFIG_FILES    = 
  CONFIG_HEADERS  = 
  CONFIG_LINKS    = 
  CONFIG_COMMANDS = 
  $ ./config.status 

on Meghnas-MacBook-Pro-2.local

config.status:699: creating Makefile
config.status:796: creating config.h
config.status:1184: executing depdir commands

## ---------------- ##
## Cache variables. ##
## ---------------- ##

ac_cv_build=i386-apple-darwin18.6.0
ac_cv_build_alias=i386-apple-darwin18.6.0
ac_cv_c_compiler_gnu=yes
ac_cv_c_const=yes
ac_cv_c_inline=inline
ac_cv_env_CC_set=set
ac_cv_env_CC_value=gcc
ac_cv_env_CFLAGS_set=set
ac_cv_env_CFLAGS_value='-g -O2 -Wno-error '
ac_cv_env_CPPFLAGS_set=
ac_cv_env_CPPFLAGS_value=
ac_cv_env_CPP_set=
ac_cv_env_CPP_value=
ac_cv_env_LDFLAGS_set=set
ac_cv_env_LDFLAGS_value=
ac_cv_env_build_alias_set=set
ac_cv_env_build_alias_value=i386-apple-darwin18.6.0
ac_cv_env_host_alias_set=set
ac_cv_env_host_alias_value=i386-apple-darwin18.6.0
ac_cv_env_target_alias_set=set
ac_cv_env_target_alias_value=mips-linux
ac_cv_exeext=
ac_cv_func_alloca_works=yes
ac_cv_func_clearerr_unlocked=yes
ac_cv_func_feof_unlocked=yes
ac_cv_func_ferror_unlocked=yes
ac_cv_func_fflush_unlocked=no
ac_cv_func_fgetc_unlocked=no
ac_cv_func_fgets_unlocked=no
ac_cv_func_fileno_unlocked=yes
ac_cv_func_fprintf_unlocked=no
ac_cv_func_fputc_unlocked=no
ac_cv_func_fputs_unlocked=no
ac_cv_func_fread_unlocked=no
ac_cv_func_fwrite_unlocked=no
ac_cv_func_getc_unlocked=yes
ac_cv_func_getchar_unlocked=yes
ac_cv_func_obstack=no
ac_cv_func_putc_unlocked=yes
ac_cv_func_putchar_unlocked=yes
ac_cv_have_decl_abort=yes
ac_cv_have_decl_asprintf=yes
ac_cv_have_decl_basename=no
ac_cv_have_decl_clearerr_unlocked=yes
ac_cv_have_decl_errno=no
ac_cv_have_decl_feof_unlocked=yes
ac_cv_have_decl_ferror_unlocked=yes
ac_cv_have_decl_fflush_unlocked=no
ac_cv_have_decl_fgetc_unlocked=no
ac_cv_have_decl_fgets_unlocked=no
ac_cv_have_decl_fileno_unlocked=yes
ac_cv_have_decl_fprintf_unlocked=no
ac_cv_have_decl_fputc_unlocked=no
ac_cv_have_decl_fputs_unlocked=no
ac_cv_have_decl_fread_unlocked=no
ac_cv_have_decl_fwrite_unlocked=no
ac_cv_have_decl_getc_unlocked=yes
ac_cv_have_decl_getchar_unlocked=yes
ac_cv_have_decl_getopt=yes
ac_cv_have_decl_putc_unlocked=yes
ac_cv_have_decl_putchar_unlocked=yes
ac_cv_have_decl_vasprintf=yes
ac_cv_header_fcntl_h=yes
ac_cv_header_iconv_h=yes
ac_cv_header_inttypes_h=yes
ac_cv_header_limits_h=yes
ac_cv_header_locale_h=yes
ac_cv_header_memory_h=yes
ac_cv_header_stdc=yes
ac_cv_header_stddef_h=yes
ac_cv_header_stdint_h=yes
ac_cv_header_stdlib_h=yes
ac_cv_header_string_h=yes
ac_cv_header_strings_h=yes
ac_cv_header_sys_file_h=yes
ac_cv_header_sys_stat_h=yes
ac_cv_header_sys_types_h=yes
ac_cv_header_time=yes
ac_cv_header_unistd_h=yes
ac_cv_host=i386-apple-darwin18.6.0
ac_cv_host_alias=i386-apple-darwin18.6.0
ac_cv_objext=o
ac_cv_prog_CC=gcc
ac_cv_prog_CPP='gcc -E'
ac_cv_prog_RANLIB=ranlib
ac_cv_prog_cc_g=yes
ac_cv_prog_cc_stdc=
ac_cv_prog_egrep='grep -E'
ac_cv_prog_make_make_set=yes
ac_cv_sizeof_int=4
ac_cv_sizeof_long=8
ac_cv_struct_tm=time.h
ac_cv_target=mips-unknown-linux-gnu
ac_cv_target_alias=mips-linux
ac_cv_type_int=yes
ac_cv_type_long=yes
ac_cv_type_off_t=yes
ac_cv_type_size_t=yes
ac_cv_type_uchar=no
ac_cv_working_alloca_h=yes
acl_cv_hardcode_direct=no
acl_cv_hardcode_libdir_flag_spec=
acl_cv_hardcode_libdir_separator=
acl_cv_hardcode_minus_L=no
acl_cv_libext=a
acl_cv_path_LD=/Library/Developer/CommandLineTools/usr/bin/ld
acl_cv_prog_gnu_ld=no
acl_cv_rpath=done
acl_cv_shlibext=dylib
acl_cv_wl=-Wl,
acx_cv_prog_cc_pedantic__Wno_long_long=yes
acx_cv_prog_cc_warning__W=yes
acx_cv_prog_cc_warning__Wall=yes
acx_cv_prog_cc_warning__Wmissing_format_attribute=yes
acx_cv_prog_cc_warning__Wmissing_prototypes=yes
acx_cv_prog_cc_warning__Wold_style_definition=yes
acx_cv_prog_cc_warning__Wstrict_prototypes=yes
acx_cv_prog_cc_warning__Wwrite_strings=yes
am_cv_CC_dependencies_compiler_type=gcc3
am_cv_func_iconv=yes
am_cv_langinfo_codeset=yes
am_cv_lib_iconv=yes
am_cv_proto_iconv='extern size_t iconv (iconv_t cd, char * *inbuf, size_t *inbytesleft, char * *outbuf, size_t *outbytesleft);'
am_cv_proto_iconv_arg1=
gcc_cv_header_string=yes

## ----------------- ##
## Output variables. ##
## ----------------- ##

ACLOCAL='/Users/meghna/desktop/cs161/cs161-gcc-1.5/gcc-4.1.2+cs161/missing aclocal'
ALLOCA=''
AUTOCONF='/Users/meghna/desktop/cs161/cs161-gcc-1.5/gcc-4.1.2+cs161/missing autoconf'
AUTOHEADER='/Users/meghna/desktop/cs161/cs161-gcc-1.5/gcc-4.1.2+cs161/missing autoheader'
CATALOGS=' po/be.gmo po/ca.gmo po/da.gmo po/de.gmo po/el.gmo po/es.gmo po/fr.gmo po/ja.gmo po/nl.gmo po/rw.gmo po/sv.gmo po/tr.gmo po/vi.gmo po/zh_CN.gmo po/zh_TW.gmo po/be.gmo po/ca.gmo po/da.gmo po/de.gmo po/el.gmo po/es.gmo po/fr.gmo po/ja.gmo po/nl.gmo po/rw.gmo po/sv.gmo po/tr.gmo po/vi.gmo po/zh_CN.gmo po/zh_TW.gmo'
CC='gcc'
CCDEPMODE='depmode=gcc3'
CFLAGS='-g -O2 -Wno-error '
CPP='gcc -E'
CPPFLAGS=''
DEFS='-DHAVE_CONFIG_H'
DEPDIR='.deps'
ECHO_C='ECHO_N=''
ECHO_T=''
EGREP='grep -E'
EXEEXT=''
GMSGFMT='/Users/meghna/anaconda3/bin/msgfmt'
INCINTL=''
INSTALL_DATA='/usr/bin/install -c -m 644'
INSTALL_PROGRAM='/usr/bin/install -c'
INSTALL_SCRIPT='/usr/bin/install -c'
LDFLAGS=''
LIBICONV='-liconv'
LIBINTL='-lintl'
LIBINTL_DEP=''
LIBOBJS=' obstack$U.o'
LIBS=''
LTLIBICONV='-liconv'
LTLIBOBJS=' obstack$U.lo'
MAINT='#'
OBJEXT='o'
PACKAGE='cpplib'
PACKAGE_BUGREPORT='gcc-bugs@gcc.gnu.org'
PACKAGE_NAME='cpplib'
PACKAGE_STRING='cpplib  '
PACKAGE_TARNAME='cpplib'
PACKAGE_VERSION=' '
PATH_SEPARATOR=':'
POSUB='po'
RANLIB='ranlib'
SET_MAKE=''
SHELL='/bin/sh'
USED_CATALOGS='$(CATALOGS)'
USE_NLS='yes'
WARN_CFLAGS='-W -Wall -Wwrite-strings -Wstrict-prototypes -Wmissing-prototypes -Wold-style-definition -Wmissing-format-attribute'
WARN_PEDANTIC='-pedantic -Wno-long-long'
WERROR=''
XGETTEXT='/Users/meghna/anaconda3/bin/xgettext'
ac_ct_CC=''
ac_ct_RANLIB=''
am__leading_dot='.'
bindir='${exec_prefix}/bin'
build='i386-apple-darwin18.6.0'
build_alias='i386-apple-darwin18.6.0'
build_cpu='i386'
build_os='darwin18.6.0'
build_vendor='apple'
datadir='${prefix}/share'
exec_prefix='${prefix}'
host='i386-apple-darwin18.6.0'
host_alias='i386-apple-darwin18.6.0'
host_cpu='i386'
host_os='darwin18.6.0'
host_vendor='apple'
includedir='${prefix}/include'
infodir='${prefix}/info'
libdir='${exec_prefix}/lib'
libexecdir='${exec_prefix}/libexec'
localstatedir='${prefix}/var'
mandir='${prefix}/man'
oldincludedir='/usr/include'
prefix='/Users/meghna/cs161/tools'
program_transform_name='s,^,mips-linux-,; '
sbindir='${exec_prefix}/sbin'
sharedstatedir='${prefix}/com'
sysconfdir='${prefix}/etc'
target='mips-unknown-linux-gnu'
target_alias='mips-linux'
target_cpu='mips'
target_os='linux-gnu'
target_vendor='unknown'

## ----------- ##
## confdefs.h. ##
## ----------- ##

#define ENABLE_NLS 1
#define HAVE_ALLOCA 1
#define HAVE_ALLOCA_H 1
#define HAVE_CLEARERR_UNLOCKED 1
#define HAVE_DECL_ABORT 1
#define HAVE_DECL_ASPRINTF 1
#define HAVE_DECL_BASENAME 0
#define HAVE_DECL_CLEARERR_UNLOCKED 1
#define HAVE_DECL_ERRNO 0
#define HAVE_DECL_FEOF_UNLOCKED 1
#define HAVE_DECL_FERROR_UNLOCKED 1
#define HAVE_DECL_FFLUSH_UNLOCKED 0
#define HAVE_DECL_FGETC_UNLOCKED 0
#define HAVE_DECL_FGETS_UNLOCKED 0
#define HAVE_DECL_FILENO_UNLOCKED 1
#define HAVE_DECL_FPRINTF_UNLOCKED 0
#define HAVE_DECL_FPUTC_UNLOCKED 0
#define HAVE_DECL_FPUTS_UNLOCKED 0
#define HAVE_DECL_FREAD_UNLOCKED 0
#define HAVE_DECL_FWRITE_UNLOCKED 0
#define HAVE_DECL_GETCHAR_UNLOCKED 1
#define HAVE_DECL_GETC_UNLOCKED 1
#define HAVE_DECL_GETOPT 1
#define HAVE_DECL_PUTCHAR_UNLOCKED 1
#define HAVE_DECL_PUTC_UNLOCKED 1
#define HAVE_DECL_VASPRINTF 1
#define HAVE_FCNTL_H 1
#define HAVE_FEOF_UNLOCKED 1
#define HAVE_FERROR_UNLOCKED 1
#define HAVE_FILENO_UNLOCKED 1
#define HAVE_GETCHAR_UNLOCKED 1
#define HAVE_GETC_UNLOCKED 1
#define HAVE_ICONV 1
#define HAVE_ICONV_H 1
#define HAVE_INTTYPES_H 1
#define HAVE_LANGINFO_CODESET 1
#define HAVE_LIMITS_H 1
#define HAVE_LOCALE_H 1
#define HAVE_MEMORY_H 1
#define HAVE_PUTCHAR_UNLOCKED 1
#define HAVE_PUTC_UNLOCKED 1
#define HAVE_STDDEF_H 1
#define HAVE_STDINT_H 1
#define HAVE_STDLIB_H 1
#define HAVE_STDLIB_H 1
#define HAVE_STRINGS_H 1
#define HAVE_STRINGS_H 1
#define HAVE_STRING_H 1
#define HAVE_STRING_H 1
#define HAVE_SYS_FILE_H 1
#define HAVE_SYS_STAT_H 1
#define HAVE_SYS_TYPES_H 1
#define HAVE_UNISTD_H 1
#define HAVE_UNISTD_H 1
#define HOST_WIDE_INT long
#define ICONV_CONST 
#define PACKAGE "cpplib"
#define PACKAGE_BUGREPORT "gcc-bugs@gcc.gnu.org"
#define PACKAGE_NAME "cpplib"
#define PACKAGE_STRING "cpplib  "
#define PACKAGE_TARNAME "cpplib"
#define PACKAGE_VERSION " "
#define SIZEOF_INT 4
#define SIZEOF_LONG 8
#define STDC_HEADERS 1
#define STDC_HEADERS 1
#define STRING_WITH_STRINGS 1
#define TIME_WITH_SYS_TIME 1

configure: exit 0
