This file contains any messages produced by compilers while
running configure, to aid debugging if configure makes a mistake.

It was created by configure, which was
generated by GNU Autoconf 2.59.  Invocation command line was

  $ /Users/meghna/desktop/cs161/cs161-binutils-1.5/binutils-2.17/etc/configure --cache-file=./config.cache --build=i386-apple-darwin18.6.0 --host=i386-apple-darwin18.6.0 --target=mips-linux --with-gnu-as --with-gnu-ld --with-stabs --nfp --prefix=/Users/meghna/cs161/tools --program-transform-name=s,^,mips-linux-,;  --srcdir=/Users/meghna/desktop/cs161/cs161-binutils-1.5/./binutils-2.17/etc

## --------- ##
## Platform. ##
## --------- ##

hostname = Meghnas-MacBook-Pro-2.local
uname -m = x86_64
uname -r = 18.6.0
uname -s = Darwin
uname -v = Darwin Kernel Version 18.6.0: Thu Apr 25 23:16:27 PDT 2019; root:xnu-4903.261.4~2/RELEASE_X86_64

/usr/bin/uname -p = i386
/bin/uname -X     = unknown

/bin/arch              = unknown
/usr/bin/arch -k       = unknown
/usr/convex/getsysinfo = unknown
hostinfo               = Mach kernel version:
	 Darwin Kernel Version 18.6.0: Thu Apr 25 23:16:27 PDT 2019; root:xnu-4903.261.4~2/RELEASE_X86_64
Kernel configured for up to 4 processors.
2 processors are physically available.
4 processors are logically available.
Processor type: x86_64h (Intel x86-64h Haswell)
Processors active: 0 1 2 3
Primary memory available: 16.00 gigabytes
Default processor set: 471 tasks, 2191 threads, 4 processors
Load average: 3.92, Mach factor: 0.83
/bin/machine           = unknown
/usr/bin/oslevel       = unknown
/bin/universe          = unknown

PATH: /Users/meghna/cs161/bin
PATH: /Users/meghna/cs161/bin
PATH: /Users/meghna/anaconda3/bin
PATH: /anaconda3/bin
PATH: /usr/local/fsl/bin
PATH: /Library/Frameworks/Python.framework/Versions/3.6/bin
PATH: /usr/local/bin
PATH: /usr/bin
PATH: /bin
PATH: /usr/sbin
PATH: /sbin
PATH: /opt/X11/bin
PATH: /Users/meghna/cs161/tools/bin


## ----------- ##
## Core tests. ##
## ----------- ##

configure:1138: creating cache ./config.cache
configure:1257: checking for a BSD-compatible install
configure:1312: result: /usr/bin/install -c
configure:1456: creating ./config.status

## ---------------------- ##
## Running config.status. ##
## ---------------------- ##

This file was extended by config.status, which was
generated by GNU Autoconf 2.59.  Invocation command line was

  CONFIG_FILES    = 
  CONFIG_HEADERS  = 
  CONFIG_LINKS    = 
  CONFIG_COMMANDS = 
  $ ./config.status 

on Meghnas-MacBook-Pro-2.local

config.status:635: creating Makefile

## ---------------- ##
## Cache variables. ##
## ---------------- ##

ac_cv_env_build_alias_set=set
ac_cv_env_build_alias_value=i386-apple-darwin18.6.0
ac_cv_env_host_alias_set=set
ac_cv_env_host_alias_value=i386-apple-darwin18.6.0
ac_cv_env_target_alias_set=set
ac_cv_env_target_alias_value=mips-linux

## ----------------- ##
## Output variables. ##
## ----------------- ##

DEFS='-DPACKAGE_NAME=\"\" -DPACKAGE_TARNAME=\"\" -DPACKAGE_VERSION=\"\" -DPACKAGE_STRING=\"\" -DPACKAGE_BUGREPORT=\"\" '
ECHO_C='ECHO_N=''
ECHO_T=''
INSTALL_DATA='/usr/bin/install -c -m 644'
INSTALL_PROGRAM='/usr/bin/install -c'
INSTALL_SCRIPT='/usr/bin/install -c'
LIBOBJS=''
LIBS=''
LTLIBOBJS=''
PACKAGE_BUGREPORT=''
PACKAGE_NAME=''
PACKAGE_STRING=''
PACKAGE_TARNAME=''
PACKAGE_VERSION=''
PATH_SEPARATOR=':'
SHELL='/bin/sh'
bindir='${exec_prefix}/bin'
build_alias='i386-apple-darwin18.6.0'
datadir='${prefix}/share'
datarootdir='/Users/meghna/cs161/tools/share'
docdir='/Users/meghna/cs161/tools/share/doc'
exec_prefix='${prefix}'
host_alias='i386-apple-darwin18.6.0'
htmldir='/Users/meghna/cs161/tools/share/doc'
includedir='${prefix}/include'
infodir='${prefix}/info'
libdir='${exec_prefix}/lib'
libexecdir='${exec_prefix}/libexec'
localstatedir='${prefix}/var'
mandir='${prefix}/man'
oldincludedir='/usr/include'
prefix='/Users/meghna/cs161/tools'
program_transform_name='s,^,mips-linux-,; '
sbindir='${exec_prefix}/sbin'
sharedstatedir='${prefix}/com'
sysconfdir='${prefix}/etc'
target_alias='mips-linux'

## ----------- ##
## confdefs.h. ##
## ----------- ##

#define PACKAGE_BUGREPORT ""
#define PACKAGE_NAME ""
#define PACKAGE_STRING ""
#define PACKAGE_TARNAME ""
#define PACKAGE_VERSION ""

configure: exit 0
