This file contains any messages produced by compilers while
running configure, to aid debugging if configure makes a mistake.

It was created by configure, which was
generated by GNU Autoconf 2.59.  Invocation command line was

  $ /Users/meghna/desktop/cs161/cs161-gdb-1.5/gdb-6.6+cs161/bfd/configure --cache-file=./config.cache --build=i386-apple-darwin18.6.0 --host=i386-apple-darwin18.6.0 --target=mips-elf --with-stabs --prefix=/Users/meghna/cs161/tools --program-transform-name=s,^,mips-elf-,;  --srcdir=/Users/meghna/desktop/cs161/cs161-gdb-1.5/./gdb-6.6+cs161/bfd

## --------- ##
## Platform. ##
## --------- ##

hostname = Meghnas-MacBook-Pro-2.local
uname -m = x86_64
uname -r = 18.6.0
uname -s = Darwin
uname -v = Darwin Kernel Version 18.6.0: Thu Apr 25 23:16:27 PDT 2019; root:xnu-4903.261.4~2/RELEASE_X86_64

/usr/bin/uname -p = i386
/bin/uname -X     = unknown

/bin/arch              = unknown
/usr/bin/arch -k       = unknown
/usr/convex/getsysinfo = unknown
hostinfo               = Mach kernel version:
	 Darwin Kernel Version 18.6.0: Thu Apr 25 23:16:27 PDT 2019; root:xnu-4903.261.4~2/RELEASE_X86_64
Kernel configured for up to 4 processors.
2 processors are physically available.
4 processors are logically available.
Processor type: x86_64h (Intel x86-64h Haswell)
Processors active: 0 1 2 3
Primary memory available: 16.00 gigabytes
Default processor set: 475 tasks, 2224 threads, 4 processors
Load average: 2.49, Mach factor: 1.56
/bin/machine           = unknown
/usr/bin/oslevel       = unknown
/bin/universe          = unknown

PATH: /Users/meghna/cs161/bin
PATH: /Users/meghna/cs161/bin
PATH: /Users/meghna/anaconda3/bin
PATH: /anaconda3/bin
PATH: /usr/local/fsl/bin
PATH: /Library/Frameworks/Python.framework/Versions/3.6/bin
PATH: /usr/local/bin
PATH: /usr/bin
PATH: /bin
PATH: /usr/sbin
PATH: /sbin
PATH: /opt/X11/bin
PATH: /Users/meghna/cs161/tools/bin


## ----------- ##
## Core tests. ##
## ----------- ##

configure:1244: creating cache ./config.cache
configure:1357: checking build system type
configure:1375: result: i386-apple-darwin18.6.0
configure:1383: checking host system type
configure:1397: result: i386-apple-darwin18.6.0
configure:1405: checking target system type
configure:1419: result: mips-unknown-elf
configure:1441: checking for i386-apple-darwin18.6.0-gcc
configure:1467: result: gcc
configure:1749: checking for C compiler version
configure:1752: gcc --version </dev/null >&5
Configured with: --prefix=/Library/Developer/CommandLineTools/usr --with-gxx-include-dir=/Library/Developer/CommandLineTools/SDKs/MacOSX10.14.sdk/usr/include/c++/4.2.1
Apple LLVM version 10.0.1 (clang-1001.0.46.4)
Target: x86_64-apple-darwin18.6.0
Thread model: posix
InstalledDir: /Library/Developer/CommandLineTools/usr/bin
configure:1755: $? = 0
configure:1757: gcc -v </dev/null >&5
Configured with: --prefix=/Library/Developer/CommandLineTools/usr --with-gxx-include-dir=/Library/Developer/CommandLineTools/SDKs/MacOSX10.14.sdk/usr/include/c++/4.2.1
Apple LLVM version 10.0.1 (clang-1001.0.46.4)
Target: x86_64-apple-darwin18.6.0
Thread model: posix
InstalledDir: /Library/Developer/CommandLineTools/usr/bin
configure:1760: $? = 0
configure:1762: gcc -V </dev/null >&5
clang: error: unsupported option '-V -Wno-atomic-implicit-seq-cst'
clang: error: no input files
configure:1765: $? = 1
configure:1788: checking for C compiler default output file name
configure:1791: gcc -g -O2 -Wno-error   conftest.c  >&5
configure:1794: $? = 0
configure:1840: result: a.out
configure:1845: checking whether the C compiler works
configure:1851: ./a.out
configure:1854: $? = 0
configure:1871: result: yes
configure:1878: checking whether we are cross compiling
configure:1880: result: no
configure:1883: checking for suffix of executables
configure:1885: gcc -o conftest -g -O2 -Wno-error   conftest.c  >&5
configure:1888: $? = 0
configure:1913: result: 
configure:1919: checking for suffix of object files
configure:1940: gcc -c -g -O2 -Wno-error  conftest.c >&5
configure:1943: $? = 0
configure:1965: result: o
configure:1969: checking whether we are using the GNU C compiler
configure:1993: gcc -c -g -O2 -Wno-error  conftest.c >&5
configure:1999: $? = 0
configure:2003: test -z 
			 || test ! -s conftest.err
configure:2006: $? = 0
configure:2009: test -s conftest.o
configure:2012: $? = 0
configure:2025: result: yes
configure:2031: checking whether gcc accepts -g
configure:2052: gcc -c -g  conftest.c >&5
configure:2058: $? = 0
configure:2062: test -z 
			 || test ! -s conftest.err
configure:2065: $? = 0
configure:2068: test -s conftest.o
configure:2071: $? = 0
configure:2082: result: yes
configure:2099: checking for gcc option to accept ANSI C
configure:2169: gcc  -c -g -O2 -Wno-error  conftest.c >&5
configure:2175: $? = 0
configure:2179: test -z 
			 || test ! -s conftest.err
configure:2182: $? = 0
configure:2185: test -s conftest.o
configure:2188: $? = 0
configure:2206: result: none needed
configure:2224: gcc -c -g -O2 -Wno-error  conftest.c >&5
conftest.c:2:3: error: unknown type name 'choke'
  choke me
  ^
conftest.c:2:11: error: expected ';' after top level declarator
  choke me
          ^
          ;
2 errors generated.
configure:2230: $? = 1
configure: failed program was:
| #ifndef __cplusplus
|   choke me
| #endif
configure:2364: checking for library containing strerror
configure:2394: gcc -o conftest -g -O2 -Wno-error   conftest.c  >&5
conftest.c:16:6: warning: incompatible redeclaration of library function 'strerror' [-Wincompatible-library-redeclaration]
char strerror ();
     ^
conftest.c:16:6: note: 'strerror' is a builtin with type 'char *(int)'
1 warning generated.
configure:2400: $? = 0
configure:2404: test -z 
			 || test ! -s conftest.err
configure:2407: $? = 0
configure:2410: test -s conftest
configure:2413: $? = 0
configure:2483: result: none required
configure:2505: checking for a BSD-compatible install
configure:2560: result: /usr/bin/install -c
configure:2571: checking whether build environment is sane
configure:2614: result: yes
configure:2679: checking for gawk
configure:2708: result: no
configure:2679: checking for mawk
configure:2708: result: no
configure:2679: checking for nawk
configure:2708: result: no
configure:2679: checking for awk
configure:2695: found /usr/bin/awk
configure:2705: result: awk
configure:2715: checking whether make sets $(MAKE)
configure:2735: result: yes
configure:2765: checking for style of include used by make
configure:2793: result: GNU
configure:2969: checking dependency style of gcc
configure:3059: result: none
configure:3081: checking for i386-apple-darwin18.6.0-ar
configure:3107: result: ar
configure:3160: checking for i386-apple-darwin18.6.0-ranlib
configure:3186: result: ranlib
configure:3316: checking for ld used by GCC
configure:3379: result: /Library/Developer/CommandLineTools/usr/bin/ld
configure:3388: checking if the linker (/Library/Developer/CommandLineTools/usr/bin/ld) is GNU ld
configure:3400: result: no
configure:3405: checking for /Library/Developer/CommandLineTools/usr/bin/ld option to reload object files
configure:3412: result: -r
configure:3417: checking for BSD-compatible nm
configure:3453: result: nm
configure:3456: checking whether ln -s works
configure:3460: result: yes
configure:3467: checking how to recognise dependant libraries
configure:3630: result: pass_all
configure:3641: checking the maximum length of command line arguments
configure:3693: result: 196608
configure:3843: checking for i386-apple-darwin18.6.0-ranlib
configure:3869: result: ranlib
configure:3923: checking for i386-apple-darwin18.6.0-strip
configure:3952: result: no
configure:3961: checking for strip
configure:3977: found /usr/bin/strip
configure:3988: result: strip
configure:4291: loading cache ./config.cache
ce PIC
ltconfig:687:checking that gcc PIC flag  -DPIC works.
ltconfig:697: gcc -c -g -O2 -Wno-error  -DPIC -DPIC  conftest.c 1>&5
ltconfig:749: checking if gcc static flag -static works
ltconfig:758: gcc -o conftest -g -O2 -Wno-error   -static conftest.c  1>&5
conftest.c:1:1: warning: type specifier missing, defaults to 'int' [-Wimplicit-int]
main(){return(0);}
^
1 warning generated.
ld: library not found for -lcrt0.o
clang: error: linker command failed with exit code 1 (use -v to see invocation)
ltconfig:780: finding the maximum length of command line arguments
ltconfig:@lineno@: result: 196608
ltconfig:833: checking if gcc supports -c -o file.o
ltconfig:834: gcc -c -g -O2 -Wno-error -o out/conftest2.o  conftest.c 1>&5
ltconfig:887: checking if gcc supports -fno-rtti -fno-exceptions
ltconfig:888: gcc -c -g -O2 -Wno-error -fno-rtti -fno-exceptions -c conftest.c  conftest.c 1>&5
ltconfig:1431: checking if global_symbol_pipe works
ltconfig:1432: gcc -c -g -O2 -Wno-error  conftest.c 1>&5
ltconfig:1435: eval "nm conftest.o | sed -n -e 's/^.*[ 	]\([BCDEGRST][BCDEGRST]*\)[ 	][ 	]*\(\)\([_A-Za-z][_A-Za-z0-9]*\)$/\1 \2\3 \3/p' > conftest.nm"
cannot find nm_test_var in conftest.nm
ltconfig:1431: checking if global_symbol_pipe works
ltconfig:1432: gcc -c -g -O2 -Wno-error  conftest.c 1>&5
ltconfig:1435: eval "nm conftest.o | sed -n -e 's/^.*[ 	]\([BCDEGRST][BCDEGRST]*\)[ 	][ 	]*\(_\)\([_A-Za-z][_A-Za-z0-9]*\)$/\1 \2\3 \3/p' > conftest.nm"
ltconfig:1487: gcc -o conftest -g -O2 -Wno-error -fno-builtin -fno-rtti -fno-exceptions   conftest.c conftstm.o 1>&5
conftest.c:6:1: warning: variable named 'main' with external linkage has undefined behavior [-Wmain]
extern char main;
^
1 warning generated.
configure:4451: checking whether to enable maintainer-specific portions of Makefiles
configure:4460: result: no
configure:4490: checking whether to install libbfd
configure:4503: result: no
configure:4547: checking for i386-apple-darwin18.6.0-gcc
configure:4573: result: gcc
configure:4855: checking for C compiler version
configure:4858: gcc --version </dev/null >&5
Configured with: --prefix=/Library/Developer/CommandLineTools/usr --with-gxx-include-dir=/Library/Developer/CommandLineTools/SDKs/MacOSX10.14.sdk/usr/include/c++/4.2.1
Apple LLVM version 10.0.1 (clang-1001.0.46.4)
Target: x86_64-apple-darwin18.6.0
Thread model: posix
InstalledDir: /Library/Developer/CommandLineTools/usr/bin
configure:4861: $? = 0
configure:4863: gcc -v </dev/null >&5
Configured with: --prefix=/Library/Developer/CommandLineTools/usr --with-gxx-include-dir=/Library/Developer/CommandLineTools/SDKs/MacOSX10.14.sdk/usr/include/c++/4.2.1
Apple LLVM version 10.0.1 (clang-1001.0.46.4)
Target: x86_64-apple-darwin18.6.0
Thread model: posix
InstalledDir: /Library/Developer/CommandLineTools/usr/bin
configure:4866: $? = 0
configure:4868: gcc -V </dev/null >&5
clang: error: unsupported option '-V -Wno-atomic-implicit-seq-cst'
clang: error: no input files
configure:4871: $? = 1
configure:4874: checking whether we are using the GNU C compiler
configure:4930: result: yes
configure:4936: checking whether gcc accepts -g
configure:4987: result: yes
configure:5004: checking for gcc option to accept ANSI C
configure:5111: result: none needed
configure:5129: gcc -c -g -O2 -Wno-error  conftest.c >&5
conftest.c:2:3: error: unknown type name 'choke'
  choke me
  ^
conftest.c:2:11: error: expected ';' after top level declarator
  choke me
          ^
          ;
2 errors generated.
configure:5135: $? = 1
configure: failed program was:
| #ifndef __cplusplus
|   choke me
| #endif
configure:5289: checking whether NLS is requested
configure:5295: result: yes
configure:5303: checking for catalogs to be installed
configure:5335: result:  da es fr ja ro rw sv tr vi zh_CN da es fr ja ro rw sv tr vi zh_CN
configure:5362: checking whether NLS is requested
configure:5371: result: yes
configure:5409: checking for msgfmt
configure:5440: result: /Users/meghna/anaconda3/bin/msgfmt
configure:5449: checking for gmsgfmt
configure:5480: result: /Users/meghna/anaconda3/bin/msgfmt
configure:5519: checking for xgettext
configure:5550: result: /Users/meghna/anaconda3/bin/xgettext
configure:5590: checking for msgmerge
configure:5620: result: /Users/meghna/anaconda3/bin/msgmerge
configure:5673: checking for a BSD-compatible install
configure:5728: result: /usr/bin/install -c
configure:5746: checking for long long
configure:5767: gcc -c -g -O2 -Wno-error  conftest.c >&5
configure:5773: $? = 0
configure:5777: test -z 
			 || test ! -s conftest.err
configure:5780: $? = 0
configure:5783: test -s conftest.o
configure:5786: $? = 0
configure:5798: result: yes
configure:5807: checking how to run the C preprocessor
configure:5842: gcc -E  conftest.c
configure:5848: $? = 0
configure:5880: gcc -E  conftest.c
conftest.c:13:10: fatal error: 'ac_nonexistent.h' file not found
#include <ac_nonexistent.h>
         ^~~~~~~~~~~~~~~~~~
1 error generated.
configure:5886: $? = 1
configure: failed program was:
| /* confdefs.h.  */
| 
| #define PACKAGE_NAME ""
| #define PACKAGE_TARNAME ""
| #define PACKAGE_VERSION ""
| #define PACKAGE_STRING ""
| #define PACKAGE_BUGREPORT ""
| #define PACKAGE "bfd"
| #define VERSION "2.17.50"
| #define _GNU_SOURCE 1
| #define ENABLE_NLS 1
| /* end confdefs.h.  */
| #include <ac_nonexistent.h>
configure:5925: result: gcc -E
configure:5949: gcc -E  conftest.c
configure:5955: $? = 0
configure:5987: gcc -E  conftest.c
conftest.c:13:10: fatal error: 'ac_nonexistent.h' file not found
#include <ac_nonexistent.h>
         ^~~~~~~~~~~~~~~~~~
1 error generated.
configure:5993: $? = 1
configure: failed program was:
| /* confdefs.h.  */
| 
| #define PACKAGE_NAME ""
| #define PACKAGE_TARNAME ""
| #define PACKAGE_VERSION ""
| #define PACKAGE_STRING ""
| #define PACKAGE_BUGREPORT ""
| #define PACKAGE "bfd"
| #define VERSION "2.17.50"
| #define _GNU_SOURCE 1
| #define ENABLE_NLS 1
| /* end confdefs.h.  */
| #include <ac_nonexistent.h>
configure:6037: checking for egrep
configure:6047: result: grep -E
configure:6052: checking for ANSI C header files
configure:6077: gcc -c -g -O2 -Wno-error  conftest.c >&5
configure:6083: $? = 0
configure:6087: test -z 
			 || test ! -s conftest.err
configure:6090: $? = 0
configure:6093: test -s conftest.o
configure:6096: $? = 0
configure:6185: gcc -o conftest -g -O2 -Wno-error   conftest.c  >&5
conftest.c:30:7: warning: implicitly declaring library function 'exit' with type 'void (int) __attribute__((noreturn))' [-Wimplicit-function-declaration]
      exit(2);
      ^
conftest.c:30:7: note: include the header <stdlib.h> or explicitly provide a declaration for 'exit'
1 warning generated.
configure:6188: $? = 0
configure:6190: ./conftest
configure:6193: $? = 0
configure:6208: result: yes
configure:6232: checking for sys/types.h
configure:6248: gcc -c -g -O2 -Wno-error  conftest.c >&5
configure:6254: $? = 0
configure:6258: test -z 
			 || test ! -s conftest.err
configure:6261: $? = 0
configure:6264: test -s conftest.o
configure:6267: $? = 0
configure:6278: result: yes
configure:6232: checking for sys/stat.h
configure:6248: gcc -c -g -O2 -Wno-error  conftest.c >&5
configure:6254: $? = 0
configure:6258: test -z 
			 || test ! -s conftest.err
configure:6261: $? = 0
configure:6264: test -s conftest.o
configure:6267: $? = 0
configure:6278: result: yes
configure:6232: checking for stdlib.h
configure:6248: gcc -c -g -O2 -Wno-error  conftest.c >&5
configure:6254: $? = 0
configure:6258: test -z 
			 || test ! -s conftest.err
configure:6261: $? = 0
configure:6264: test -s conftest.o
configure:6267: $? = 0
configure:6278: result: yes
configure:6232: checking for string.h
configure:6248: gcc -c -g -O2 -Wno-error  conftest.c >&5
configure:6254: $? = 0
configure:6258: test -z 
			 || test ! -s conftest.err
configure:6261: $? = 0
configure:6264: test -s conftest.o
configure:6267: $? = 0
configure:6278: result: yes
configure:6232: checking for memory.h
configure:6248: gcc -c -g -O2 -Wno-error  conftest.c >&5
configure:6254: $? = 0
configure:6258: test -z 
			 || test ! -s conftest.err
configure:6261: $? = 0
configure:6264: test -s conftest.o
configure:6267: $? = 0
configure:6278: result: yes
configure:6232: checking for strings.h
configure:6248: gcc -c -g -O2 -Wno-error  conftest.c >&5
configure:6254: $? = 0
configure:6258: test -z 
			 || test ! -s conftest.err
configure:6261: $? = 0
configure:6264: test -s conftest.o
configure:6267: $? = 0
configure:6278: result: yes
configure:6232: checking for inttypes.h
configure:6248: gcc -c -g -O2 -Wno-error  conftest.c >&5
configure:6254: $? = 0
configure:6258: test -z 
			 || test ! -s conftest.err
configure:6261: $? = 0
configure:6264: test -s conftest.o
configure:6267: $? = 0
configure:6278: result: yes
configure:6232: checking for stdint.h
configure:6248: gcc -c -g -O2 -Wno-error  conftest.c >&5
configure:6254: $? = 0
configure:6258: test -z 
			 || test ! -s conftest.err
configure:6261: $? = 0
configure:6264: test -s conftest.o
configure:6267: $? = 0
configure:6278: result: yes
configure:6232: checking for unistd.h
configure:6248: gcc -c -g -O2 -Wno-error  conftest.c >&5
configure:6254: $? = 0
configure:6258: test -z 
			 || test ! -s conftest.err
configure:6261: $? = 0
configure:6264: test -s conftest.o
configure:6267: $? = 0
configure:6278: result: yes
configure:6290: checking for long long
configure:6314: gcc -c -g -O2 -Wno-error  conftest.c >&5
configure:6320: $? = 0
configure:6324: test -z 
			 || test ! -s conftest.err
configure:6327: $? = 0
configure:6330: test -s conftest.o
configure:6333: $? = 0
configure:6344: result: yes
configure:6347: checking size of long long
configure:6666: gcc -o conftest -g -O2 -Wno-error   conftest.c  >&5
configure:6669: $? = 0
configure:6671: ./conftest
configure:6674: $? = 0
configure:6697: result: 8
configure:6706: checking for long
configure:6730: gcc -c -g -O2 -Wno-error  conftest.c >&5
configure:6736: $? = 0
configure:6740: test -z 
			 || test ! -s conftest.err
configure:6743: $? = 0
configure:6746: test -s conftest.o
configure:6749: $? = 0
configure:6760: result: yes
configure:6763: checking size of long
configure:7082: gcc -o conftest -g -O2 -Wno-error   conftest.c  >&5
configure:7085: $? = 0
configure:7087: ./conftest
configure:7090: $? = 0
configure:7113: result: 8
configure:7199: checking stddef.h usability
configure:7211: gcc -c -g -O2 -Wno-error  conftest.c >&5
configure:7217: $? = 0
configure:7221: test -z 
			 || test ! -s conftest.err
configure:7224: $? = 0
configure:7227: test -s conftest.o
configure:7230: $? = 0
configure:7240: result: yes
configure:7244: checking stddef.h presence
configure:7254: gcc -E  conftest.c
configure:7260: $? = 0
configure:7280: result: yes
configure:7315: checking for stddef.h
configure:7322: result: yes
configure:7190: checking for string.h
configure:7195: result: yes
configure:7190: checking for strings.h
configure:7195: result: yes
configure:7190: checking for stdlib.h
configure:7195: result: yes
configure:7199: checking time.h usability
configure:7211: gcc -c -g -O2 -Wno-error  conftest.c >&5
configure:7217: $? = 0
configure:7221: test -z 
			 || test ! -s conftest.err
configure:7224: $? = 0
configure:7227: test -s conftest.o
configure:7230: $? = 0
configure:7240: result: yes
configure:7244: checking time.h presence
configure:7254: gcc -E  conftest.c
configure:7260: $? = 0
configure:7280: result: yes
configure:7315: checking for time.h
configure:7322: result: yes
configure:7190: checking for unistd.h
configure:7195: result: yes
configure:7351: checking fcntl.h usability
configure:7363: gcc -c -g -O2 -Wno-error  conftest.c >&5
configure:7369: $? = 0
configure:7373: test -z 
			 || test ! -s conftest.err
configure:7376: $? = 0
configure:7379: test -s conftest.o
configure:7382: $? = 0
configure:7392: result: yes
configure:7396: checking fcntl.h presence
configure:7406: gcc -E  conftest.c
configure:7412: $? = 0
configure:7432: result: yes
configure:7467: checking for fcntl.h
configure:7474: result: yes
configure:7351: checking sys/file.h usability
configure:7363: gcc -c -g -O2 -Wno-error  conftest.c >&5
configure:7369: $? = 0
configure:7373: test -z 
			 || test ! -s conftest.err
configure:7376: $? = 0
configure:7379: test -s conftest.o
configure:7382: $? = 0
configure:7392: result: yes
configure:7396: checking sys/file.h presence
configure:7406: gcc -E  conftest.c
configure:7412: $? = 0
configure:7432: result: yes
configure:7467: checking for sys/file.h
configure:7474: result: yes
configure:7351: checking sys/time.h usability
configure:7363: gcc -c -g -O2 -Wno-error  conftest.c >&5
configure:7369: $? = 0
configure:7373: test -z 
			 || test ! -s conftest.err
configure:7376: $? = 0
configure:7379: test -s conftest.o
configure:7382: $? = 0
configure:7392: result: yes
configure:7396: checking sys/time.h presence
configure:7406: gcc -E  conftest.c
configure:7412: $? = 0
configure:7432: result: yes
configure:7467: checking for sys/time.h
configure:7474: result: yes
configure:7487: checking whether time.h and sys/time.h may both be included
configure:7512: gcc -c -g -O2 -Wno-error  conftest.c >&5
configure:7518: $? = 0
configure:7522: test -z 
			 || test ! -s conftest.err
configure:7525: $? = 0
configure:7528: test -s conftest.o
configure:7531: $? = 0
configure:7542: result: yes
configure:7560: checking for dirent.h that defines DIR
configure:7584: gcc -c -g -O2 -Wno-error  conftest.c >&5
configure:7590: $? = 0
configure:7594: test -z 
			 || test ! -s conftest.err
configure:7597: $? = 0
configure:7600: test -s conftest.o
configure:7603: $? = 0
configure:7614: result: yes
configure:7627: checking for library containing opendir
configure:7657: gcc -o conftest -g -O2 -Wno-error   conftest.c  >&5
configure:7663: $? = 0
configure:7667: test -z 
			 || test ! -s conftest.err
configure:7670: $? = 0
configure:7673: test -s conftest
configure:7676: $? = 0
configure:7746: result: none required
configure:7882: checking whether string.h and strings.h may both be included
configure:7904: gcc -c -g -O2 -Wno-error  conftest.c >&5
configure:7910: $? = 0
configure:7914: test -z 
			 || test ! -s conftest.err
configure:7917: $? = 0
configure:7920: test -s conftest.o
configure:7923: $? = 0
configure:7934: result: yes
configure:7954: checking for fcntl
configure:8011: gcc -o conftest -g -O2 -Wno-error   conftest.c  >&5
configure:8017: $? = 0
configure:8021: test -z 
			 || test ! -s conftest.err
configure:8024: $? = 0
configure:8027: test -s conftest
configure:8030: $? = 0
configure:8042: result: yes
configure:7954: checking for getpagesize
configure:8011: gcc -o conftest -g -O2 -Wno-error   conftest.c  >&5
configure:8017: $? = 0
configure:8021: test -z 
			 || test ! -s conftest.err
configure:8024: $? = 0
configure:8027: test -s conftest
configure:8030: $? = 0
configure:8042: result: yes
configure:7954: checking for setitimer
configure:8011: gcc -o conftest -g -O2 -Wno-error   conftest.c  >&5
configure:8017: $? = 0
configure:8021: test -z 
			 || test ! -s conftest.err
configure:8024: $? = 0
configure:8027: test -s conftest
configure:8030: $? = 0
configure:8042: result: yes
configure:7954: checking for sysconf
configure:8011: gcc -o conftest -g -O2 -Wno-error   conftest.c  >&5
configure:8017: $? = 0
configure:8021: test -z 
			 || test ! -s conftest.err
configure:8024: $? = 0
configure:8027: test -s conftest
configure:8030: $? = 0
configure:8042: result: yes
configure:7954: checking for fdopen
configure:8011: gcc -o conftest -g -O2 -Wno-error   conftest.c  >&5
configure:8017: $? = 0
configure:8021: test -z 
			 || test ! -s conftest.err
configure:8024: $? = 0
configure:8027: test -s conftest
configure:8030: $? = 0
configure:8042: result: yes
configure:7954: checking for getuid
configure:8011: gcc -o conftest -g -O2 -Wno-error   conftest.c  >&5
configure:8017: $? = 0
configure:8021: test -z 
			 || test ! -s conftest.err
configure:8024: $? = 0
configure:8027: test -s conftest
configure:8030: $? = 0
configure:8042: result: yes
configure:7954: checking for getgid
configure:8011: gcc -o conftest -g -O2 -Wno-error   conftest.c  >&5
configure:8017: $? = 0
configure:8021: test -z 
			 || test ! -s conftest.err
configure:8024: $? = 0
configure:8027: test -s conftest
configure:8030: $? = 0
configure:8042: result: yes
configure:8056: checking for strtoull
configure:8113: gcc -o conftest -g -O2 -Wno-error   conftest.c  >&5
conftest.c:68:6: warning: incompatible redeclaration of library function 'strtoull' [-Wincompatible-library-redeclaration]
char strtoull ();
     ^
conftest.c:68:6: note: 'strtoull' is a builtin with type 'unsigned long long (const char *, char **, int)'
1 warning generated.
configure:8119: $? = 0
configure:8123: test -z 
			 || test ! -s conftest.err
configure:8126: $? = 0
configure:8129: test -s conftest
configure:8132: $? = 0
configure:8144: result: yes
configure:8155: checking whether basename is declared
configure:8179: gcc -c -g -O2 -Wno-error  conftest.c >&5
conftest.c:83:22: error: use of undeclared identifier 'basename'
  char *p = (char *) basename;
                     ^
1 error generated.
configure:8185: $? = 1
configure: failed program was:
| /* confdefs.h.  */
| 
| #define PACKAGE_NAME ""
| #define PACKAGE_TARNAME ""
| #define PACKAGE_VERSION ""
| #define PACKAGE_STRING ""
| #define PACKAGE_BUGREPORT ""
| #define PACKAGE "bfd"
| #define VERSION "2.17.50"
| #define _GNU_SOURCE 1
| #define ENABLE_NLS 1
| #define STDC_HEADERS 1
| #define HAVE_SYS_TYPES_H 1
| #define HAVE_SYS_STAT_H 1
| #define HAVE_STDLIB_H 1
| #define HAVE_STRING_H 1
| #define HAVE_MEMORY_H 1
| #define HAVE_STRINGS_H 1
| #define HAVE_INTTYPES_H 1
| #define HAVE_STDINT_H 1
| #define HAVE_UNISTD_H 1
| #define SIZEOF_LONG_LONG 8
| #define SIZEOF_LONG 8
| #define HAVE_STDDEF_H 1
| #define HAVE_STRING_H 1
| #define HAVE_STRINGS_H 1
| #define HAVE_STDLIB_H 1
| #define HAVE_TIME_H 1
| #define HAVE_UNISTD_H 1
| #define HAVE_FCNTL_H 1
| #define HAVE_SYS_FILE_H 1
| #define HAVE_SYS_TIME_H 1
| #define TIME_WITH_SYS_TIME 1
| #define HAVE_DIRENT_H 1
| #define STRING_WITH_STRINGS 1
| #define HAVE_FCNTL 1
| #define HAVE_GETPAGESIZE 1
| #define HAVE_SETITIMER 1
| #define HAVE_SYSCONF 1
| #define HAVE_FDOPEN 1
| #define HAVE_GETUID 1
| #define HAVE_GETGID 1
| #define HAVE_STRTOULL 1
| /* end confdefs.h.  */
| #include <stdio.h>
| #if HAVE_SYS_TYPES_H
| # include <sys/types.h>
| #endif
| #if HAVE_SYS_STAT_H
| # include <sys/stat.h>
| #endif
| #if STDC_HEADERS
| # include <stdlib.h>
| # include <stddef.h>
| #else
| # if HAVE_STDLIB_H
| #  include <stdlib.h>
| # endif
| #endif
| #if HAVE_STRING_H
| # if !STDC_HEADERS && HAVE_MEMORY_H
| #  include <memory.h>
| # endif
| # include <string.h>
| #endif
| #if HAVE_STRINGS_H
| # include <strings.h>
| #endif
| #if HAVE_INTTYPES_H
| # include <inttypes.h>
| #else
| # if HAVE_STDINT_H
| #  include <stdint.h>
| # endif
| #endif
| #if HAVE_UNISTD_H
| # include <unistd.h>
| #endif
| int
| main ()
| {
| #ifndef basename
|   char *p = (char *) basename;
| #endif
| 
|   ;
|   return 0;
| }
configure:8209: result: no
configure:8227: checking whether ftello is declared
configure:8251: gcc -c -g -O2 -Wno-error  conftest.c >&5
configure:8257: $? = 0
configure:8261: test -z 
			 || test ! -s conftest.err
configure:8264: $? = 0
configure:8267: test -s conftest.o
configure:8270: $? = 0
configure:8281: result: yes
configure:8299: checking whether ftello64 is declared
configure:8323: gcc -c -g -O2 -Wno-error  conftest.c >&5
conftest.c:85:22: error: use of undeclared identifier 'ftello64'
  char *p = (char *) ftello64;
                     ^
1 error generated.
configure:8329: $? = 1
configure: failed program was:
| /* confdefs.h.  */
| 
| #define PACKAGE_NAME ""
| #define PACKAGE_TARNAME ""
| #define PACKAGE_VERSION ""
| #define PACKAGE_STRING ""
| #define PACKAGE_BUGREPORT ""
| #define PACKAGE "bfd"
| #define VERSION "2.17.50"
| #define _GNU_SOURCE 1
| #define ENABLE_NLS 1
| #define STDC_HEADERS 1
| #define HAVE_SYS_TYPES_H 1
| #define HAVE_SYS_STAT_H 1
| #define HAVE_STDLIB_H 1
| #define HAVE_STRING_H 1
| #define HAVE_MEMORY_H 1
| #define HAVE_STRINGS_H 1
| #define HAVE_INTTYPES_H 1
| #define HAVE_STDINT_H 1
| #define HAVE_UNISTD_H 1
| #define SIZEOF_LONG_LONG 8
| #define SIZEOF_LONG 8
| #define HAVE_STDDEF_H 1
| #define HAVE_STRING_H 1
| #define HAVE_STRINGS_H 1
| #define HAVE_STDLIB_H 1
| #define HAVE_TIME_H 1
| #define HAVE_UNISTD_H 1
| #define HAVE_FCNTL_H 1
| #define HAVE_SYS_FILE_H 1
| #define HAVE_SYS_TIME_H 1
| #define TIME_WITH_SYS_TIME 1
| #define HAVE_DIRENT_H 1
| #define STRING_WITH_STRINGS 1
| #define HAVE_FCNTL 1
| #define HAVE_GETPAGESIZE 1
| #define HAVE_SETITIMER 1
| #define HAVE_SYSCONF 1
| #define HAVE_FDOPEN 1
| #define HAVE_GETUID 1
| #define HAVE_GETGID 1
| #define HAVE_STRTOULL 1
| #define HAVE_DECL_BASENAME 0
| #define HAVE_DECL_FTELLO 1
| /* end confdefs.h.  */
| #include <stdio.h>
| #if HAVE_SYS_TYPES_H
| # include <sys/types.h>
| #endif
| #if HAVE_SYS_STAT_H
| # include <sys/stat.h>
| #endif
| #if STDC_HEADERS
| # include <stdlib.h>
| # include <stddef.h>
| #else
| # if HAVE_STDLIB_H
| #  include <stdlib.h>
| # endif
| #endif
| #if HAVE_STRING_H
| # if !STDC_HEADERS && HAVE_MEMORY_H
| #  include <memory.h>
| # endif
| # include <string.h>
| #endif
| #if HAVE_STRINGS_H
| # include <strings.h>
| #endif
| #if HAVE_INTTYPES_H
| # include <inttypes.h>
| #else
| # if HAVE_STDINT_H
| #  include <stdint.h>
| # endif
| #endif
| #if HAVE_UNISTD_H
| # include <unistd.h>
| #endif
| int
| main ()
| {
| #ifndef ftello64
|   char *p = (char *) ftello64;
| #endif
| 
|   ;
|   return 0;
| }
configure:8353: result: no
configure:8371: checking whether fseeko is declared
configure:8395: gcc -c -g -O2 -Wno-error  conftest.c >&5
configure:8401: $? = 0
configure:8405: test -z 
			 || test ! -s conftest.err
configure:8408: $? = 0
configure:8411: test -s conftest.o
configure:8414: $? = 0
configure:8425: result: yes
configure:8443: checking whether fseeko64 is declared
configure:8467: gcc -c -g -O2 -Wno-error  conftest.c >&5
conftest.c:87:22: error: use of undeclared identifier 'fseeko64'
  char *p = (char *) fseeko64;
                     ^
1 error generated.
configure:8473: $? = 1
configure: failed program was:
| /* confdefs.h.  */
| 
| #define PACKAGE_NAME ""
| #define PACKAGE_TARNAME ""
| #define PACKAGE_VERSION ""
| #define PACKAGE_STRING ""
| #define PACKAGE_BUGREPORT ""
| #define PACKAGE "bfd"
| #define VERSION "2.17.50"
| #define _GNU_SOURCE 1
| #define ENABLE_NLS 1
| #define STDC_HEADERS 1
| #define HAVE_SYS_TYPES_H 1
| #define HAVE_SYS_STAT_H 1
| #define HAVE_STDLIB_H 1
| #define HAVE_STRING_H 1
| #define HAVE_MEMORY_H 1
| #define HAVE_STRINGS_H 1
| #define HAVE_INTTYPES_H 1
| #define HAVE_STDINT_H 1
| #define HAVE_UNISTD_H 1
| #define SIZEOF_LONG_LONG 8
| #define SIZEOF_LONG 8
| #define HAVE_STDDEF_H 1
| #define HAVE_STRING_H 1
| #define HAVE_STRINGS_H 1
| #define HAVE_STDLIB_H 1
| #define HAVE_TIME_H 1
| #define HAVE_UNISTD_H 1
| #define HAVE_FCNTL_H 1
| #define HAVE_SYS_FILE_H 1
| #define HAVE_SYS_TIME_H 1
| #define TIME_WITH_SYS_TIME 1
| #define HAVE_DIRENT_H 1
| #define STRING_WITH_STRINGS 1
| #define HAVE_FCNTL 1
| #define HAVE_GETPAGESIZE 1
| #define HAVE_SETITIMER 1
| #define HAVE_SYSCONF 1
| #define HAVE_FDOPEN 1
| #define HAVE_GETUID 1
| #define HAVE_GETGID 1
| #define HAVE_STRTOULL 1
| #define HAVE_DECL_BASENAME 0
| #define HAVE_DECL_FTELLO 1
| #define HAVE_DECL_FTELLO64 0
| #define HAVE_DECL_FSEEKO 1
| /* end confdefs.h.  */
| #include <stdio.h>
| #if HAVE_SYS_TYPES_H
| # include <sys/types.h>
| #endif
| #if HAVE_SYS_STAT_H
| # include <sys/stat.h>
| #endif
| #if STDC_HEADERS
| # include <stdlib.h>
| # include <stddef.h>
| #else
| # if HAVE_STDLIB_H
| #  include <stdlib.h>
| # endif
| #endif
| #if HAVE_STRING_H
| # if !STDC_HEADERS && HAVE_MEMORY_H
| #  include <memory.h>
| # endif
| # include <string.h>
| #endif
| #if HAVE_STRINGS_H
| # include <strings.h>
| #endif
| #if HAVE_INTTYPES_H
| # include <inttypes.h>
| #else
| # if HAVE_STDINT_H
| #  include <stdint.h>
| # endif
| #endif
| #if HAVE_UNISTD_H
| # include <unistd.h>
| #endif
| int
| main ()
| {
| #ifndef fseeko64
|   char *p = (char *) fseeko64;
| #endif
| 
|   ;
|   return 0;
| }
configure:8497: result: no
configure:8526: checking whether ffs is declared
configure:8550: gcc -c -g -O2 -Wno-error  conftest.c >&5
configure:8556: $? = 0
configure:8560: test -z 
			 || test ! -s conftest.err
configure:8563: $? = 0
configure:8566: test -s conftest.o
configure:8569: $? = 0
configure:8580: result: yes
configure:8598: checking whether free is declared
configure:8622: gcc -c -g -O2 -Wno-error  conftest.c >&5
configure:8628: $? = 0
configure:8632: test -z 
			 || test ! -s conftest.err
configure:8635: $? = 0
configure:8638: test -s conftest.o
configure:8641: $? = 0
configure:8652: result: yes
configure:8670: checking whether getenv is declared
configure:8694: gcc -c -g -O2 -Wno-error  conftest.c >&5
configure:8700: $? = 0
configure:8704: test -z 
			 || test ! -s conftest.err
configure:8707: $? = 0
configure:8710: test -s conftest.o
configure:8713: $? = 0
configure:8724: result: yes
configure:8742: checking whether malloc is declared
configure:8766: gcc -c -g -O2 -Wno-error  conftest.c >&5
configure:8772: $? = 0
configure:8776: test -z 
			 || test ! -s conftest.err
configure:8779: $? = 0
configure:8782: test -s conftest.o
configure:8785: $? = 0
configure:8796: result: yes
configure:8814: checking whether realloc is declared
configure:8838: gcc -c -g -O2 -Wno-error  conftest.c >&5
configure:8844: $? = 0
configure:8848: test -z 
			 || test ! -s conftest.err
configure:8851: $? = 0
configure:8854: test -s conftest.o
configure:8857: $? = 0
configure:8868: result: yes
configure:8886: checking whether stpcpy is declared
configure:8910: gcc -c -g -O2 -Wno-error  conftest.c >&5
configure:8916: $? = 0
configure:8920: test -z 
			 || test ! -s conftest.err
configure:8923: $? = 0
configure:8926: test -s conftest.o
configure:8929: $? = 0
configure:8940: result: yes
configure:8958: checking whether strstr is declared
configure:8982: gcc -c -g -O2 -Wno-error  conftest.c >&5
configure:8988: $? = 0
configure:8992: test -z 
			 || test ! -s conftest.err
configure:8995: $? = 0
configure:8998: test -s conftest.o
configure:9001: $? = 0
configure:9012: result: yes
configure:9030: checking whether snprintf is declared
configure:9054: gcc -c -g -O2 -Wno-error  conftest.c >&5
configure:9060: $? = 0
configure:9064: test -z 
			 || test ! -s conftest.err
configure:9067: $? = 0
configure:9070: test -s conftest.o
configure:9073: $? = 0
configure:9084: result: yes
configure:9102: checking whether vsnprintf is declared
configure:9126: gcc -c -g -O2 -Wno-error  conftest.c >&5
configure:9132: $? = 0
configure:9136: test -z 
			 || test ! -s conftest.err
configure:9139: $? = 0
configure:9142: test -s conftest.o
configure:9145: $? = 0
configure:9156: result: yes
configure:11132: checking for gcc version with buggy 64-bit support
configure:11149: result: no
configure:11188: checking for ftello
configure:11245: gcc -o conftest -g -O2 -Wno-error   conftest.c  >&5
configure:11251: $? = 0
configure:11255: test -z 
			 || test ! -s conftest.err
configure:11258: $? = 0
configure:11261: test -s conftest
configure:11264: $? = 0
configure:11276: result: yes
configure:11188: checking for ftello64
configure:11245: gcc -o conftest -g -O2 -Wno-error   conftest.c  >&5
Undefined symbols for architecture x86_64:
  "_ftello64", referenced from:
      _main in conftest-f06c3b.o
      _f in conftest-f06c3b.o
ld: symbol(s) not found for architecture x86_64
clang: error: linker command failed with exit code 1 (use -v to see invocation)
configure:11251: $? = 1
configure: failed program was:
| /* confdefs.h.  */
| 
| #define PACKAGE_NAME ""
| #define PACKAGE_TARNAME ""
| #define PACKAGE_VERSION ""
| #define PACKAGE_STRING ""
| #define PACKAGE_BUGREPORT ""
| #define PACKAGE "bfd"
| #define VERSION "2.17.50"
| #define _GNU_SOURCE 1
| #define ENABLE_NLS 1
| #define STDC_HEADERS 1
| #define HAVE_SYS_TYPES_H 1
| #define HAVE_SYS_STAT_H 1
| #define HAVE_STDLIB_H 1
| #define HAVE_STRING_H 1
| #define HAVE_MEMORY_H 1
| #define HAVE_STRINGS_H 1
| #define HAVE_INTTYPES_H 1
| #define HAVE_STDINT_H 1
| #define HAVE_UNISTD_H 1
| #define SIZEOF_LONG_LONG 8
| #define SIZEOF_LONG 8
| #define HAVE_STDDEF_H 1
| #define HAVE_STRING_H 1
| #define HAVE_STRINGS_H 1
| #define HAVE_STDLIB_H 1
| #define HAVE_TIME_H 1
| #define HAVE_UNISTD_H 1
| #define HAVE_FCNTL_H 1
| #define HAVE_SYS_FILE_H 1
| #define HAVE_SYS_TIME_H 1
| #define TIME_WITH_SYS_TIME 1
| #define HAVE_DIRENT_H 1
| #define STRING_WITH_STRINGS 1
| #define HAVE_FCNTL 1
| #define HAVE_GETPAGESIZE 1
| #define HAVE_SETITIMER 1
| #define HAVE_SYSCONF 1
| #define HAVE_FDOPEN 1
| #define HAVE_GETUID 1
| #define HAVE_GETGID 1
| #define HAVE_STRTOULL 1
| #define HAVE_DECL_BASENAME 0
| #define HAVE_DECL_FTELLO 1
| #define HAVE_DECL_FTELLO64 0
| #define HAVE_DECL_FSEEKO 1
| #define HAVE_DECL_FSEEKO64 0
| #define HAVE_DECL_FFS 1
| #define HAVE_DECL_FREE 1
| #define HAVE_DECL_GETENV 1
| #define HAVE_DECL_MALLOC 1
| #define HAVE_DECL_REALLOC 1
| #define HAVE_DECL_STPCPY 1
| #define HAVE_DECL_STRSTR 1
| #define HAVE_DECL_SNPRINTF 1
| #define HAVE_DECL_VSNPRINTF 1
| #define HAVE_FTELLO 1
| /* end confdefs.h.  */
| /* Define ftello64 to an innocuous variant, in case <limits.h> declares ftello64.
|    For example, HP-UX 11i <limits.h> declares gettimeofday.  */
| #define ftello64 innocuous_ftello64
| 
| /* System header to define __stub macros and hopefully few prototypes,
|     which can conflict with char ftello64 (); below.
|     Prefer <limits.h> to <assert.h> if __STDC__ is defined, since
|     <limits.h> exists even on freestanding compilers.  */
| 
| #ifdef __STDC__
| # include <limits.h>
| #else
| # include <assert.h>
| #endif
| 
| #undef ftello64
| 
| /* Override any gcc2 internal prototype to avoid an error.  */
| #ifdef __cplusplus
| extern "C"
| {
| #endif
| /* We use char because int might match the return type of a gcc2
|    builtin and then its argument prototype would still apply.  */
| char ftello64 ();
| /* The GNU C library defines this for functions which it implements
|     to always fail with ENOSYS.  Some functions are actually named
|     something starting with __ and the normal name is an alias.  */
| #if defined (__stub_ftello64) || defined (__stub___ftello64)
| choke me
| #else
| char (*f) () = ftello64;
| #endif
| #ifdef __cplusplus
| }
| #endif
| 
| int
| main ()
| {
| return f != ftello64;
|   ;
|   return 0;
| }
configure:11276: result: no
configure:11188: checking for fseeko
configure:11245: gcc -o conftest -g -O2 -Wno-error   conftest.c  >&5
configure:11251: $? = 0
configure:11255: test -z 
			 || test ! -s conftest.err
configure:11258: $? = 0
configure:11261: test -s conftest
configure:11264: $? = 0
configure:11276: result: yes
configure:11188: checking for fseeko64
configure:11245: gcc -o conftest -g -O2 -Wno-error   conftest.c  >&5
Undefined symbols for architecture x86_64:
  "_fseeko64", referenced from:
      _main in conftest-e20a9e.o
      _f in conftest-e20a9e.o
ld: symbol(s) not found for architecture x86_64
clang: error: linker command failed with exit code 1 (use -v to see invocation)
configure:11251: $? = 1
configure: failed program was:
| /* confdefs.h.  */
| 
| #define PACKAGE_NAME ""
| #define PACKAGE_TARNAME ""
| #define PACKAGE_VERSION ""
| #define PACKAGE_STRING ""
| #define PACKAGE_BUGREPORT ""
| #define PACKAGE "bfd"
| #define VERSION "2.17.50"
| #define _GNU_SOURCE 1
| #define ENABLE_NLS 1
| #define STDC_HEADERS 1
| #define HAVE_SYS_TYPES_H 1
| #define HAVE_SYS_STAT_H 1
| #define HAVE_STDLIB_H 1
| #define HAVE_STRING_H 1
| #define HAVE_MEMORY_H 1
| #define HAVE_STRINGS_H 1
| #define HAVE_INTTYPES_H 1
| #define HAVE_STDINT_H 1
| #define HAVE_UNISTD_H 1
| #define SIZEOF_LONG_LONG 8
| #define SIZEOF_LONG 8
| #define HAVE_STDDEF_H 1
| #define HAVE_STRING_H 1
| #define HAVE_STRINGS_H 1
| #define HAVE_STDLIB_H 1
| #define HAVE_TIME_H 1
| #define HAVE_UNISTD_H 1
| #define HAVE_FCNTL_H 1
| #define HAVE_SYS_FILE_H 1
| #define HAVE_SYS_TIME_H 1
| #define TIME_WITH_SYS_TIME 1
| #define HAVE_DIRENT_H 1
| #define STRING_WITH_STRINGS 1
| #define HAVE_FCNTL 1
| #define HAVE_GETPAGESIZE 1
| #define HAVE_SETITIMER 1
| #define HAVE_SYSCONF 1
| #define HAVE_FDOPEN 1
| #define HAVE_GETUID 1
| #define HAVE_GETGID 1
| #define HAVE_STRTOULL 1
| #define HAVE_DECL_BASENAME 0
| #define HAVE_DECL_FTELLO 1
| #define HAVE_DECL_FTELLO64 0
| #define HAVE_DECL_FSEEKO 1
| #define HAVE_DECL_FSEEKO64 0
| #define HAVE_DECL_FFS 1
| #define HAVE_DECL_FREE 1
| #define HAVE_DECL_GETENV 1
| #define HAVE_DECL_MALLOC 1
| #define HAVE_DECL_REALLOC 1
| #define HAVE_DECL_STPCPY 1
| #define HAVE_DECL_STRSTR 1
| #define HAVE_DECL_SNPRINTF 1
| #define HAVE_DECL_VSNPRINTF 1
| #define HAVE_FTELLO 1
| #define HAVE_FSEEKO 1
| /* end confdefs.h.  */
| /* Define fseeko64 to an innocuous variant, in case <limits.h> declares fseeko64.
|    For example, HP-UX 11i <limits.h> declares gettimeofday.  */
| #define fseeko64 innocuous_fseeko64
| 
| /* System header to define __stub macros and hopefully few prototypes,
|     which can conflict with char fseeko64 (); below.
|     Prefer <limits.h> to <assert.h> if __STDC__ is defined, since
|     <limits.h> exists even on freestanding compilers.  */
| 
| #ifdef __STDC__
| # include <limits.h>
| #else
| # include <assert.h>
| #endif
| 
| #undef fseeko64
| 
| /* Override any gcc2 internal prototype to avoid an error.  */
| #ifdef __cplusplus
| extern "C"
| {
| #endif
| /* We use char because int might match the return type of a gcc2
|    builtin and then its argument prototype would still apply.  */
| char fseeko64 ();
| /* The GNU C library defines this for functions which it implements
|     to always fail with ENOSYS.  Some functions are actually named
|     something starting with __ and the normal name is an alias.  */
| #if defined (__stub_fseeko64) || defined (__stub___fseeko64)
| choke me
| #else
| char (*f) () = fseeko64;
| #endif
| #ifdef __cplusplus
| }
| #endif
| 
| int
| main ()
| {
| return f != fseeko64;
|   ;
|   return 0;
| }
configure:11276: result: no
configure:11188: checking for fopen64
configure:11245: gcc -o conftest -g -O2 -Wno-error   conftest.c  >&5
Undefined symbols for architecture x86_64:
  "_fopen64", referenced from:
      _main in conftest-b3b5ec.o
      _f in conftest-b3b5ec.o
ld: symbol(s) not found for architecture x86_64
clang: error: linker command failed with exit code 1 (use -v to see invocation)
configure:11251: $? = 1
configure: failed program was:
| /* confdefs.h.  */
| 
| #define PACKAGE_NAME ""
| #define PACKAGE_TARNAME ""
| #define PACKAGE_VERSION ""
| #define PACKAGE_STRING ""
| #define PACKAGE_BUGREPORT ""
| #define PACKAGE "bfd"
| #define VERSION "2.17.50"
| #define _GNU_SOURCE 1
| #define ENABLE_NLS 1
| #define STDC_HEADERS 1
| #define HAVE_SYS_TYPES_H 1
| #define HAVE_SYS_STAT_H 1
| #define HAVE_STDLIB_H 1
| #define HAVE_STRING_H 1
| #define HAVE_MEMORY_H 1
| #define HAVE_STRINGS_H 1
| #define HAVE_INTTYPES_H 1
| #define HAVE_STDINT_H 1
| #define HAVE_UNISTD_H 1
| #define SIZEOF_LONG_LONG 8
| #define SIZEOF_LONG 8
| #define HAVE_STDDEF_H 1
| #define HAVE_STRING_H 1
| #define HAVE_STRINGS_H 1
| #define HAVE_STDLIB_H 1
| #define HAVE_TIME_H 1
| #define HAVE_UNISTD_H 1
| #define HAVE_FCNTL_H 1
| #define HAVE_SYS_FILE_H 1
| #define HAVE_SYS_TIME_H 1
| #define TIME_WITH_SYS_TIME 1
| #define HAVE_DIRENT_H 1
| #define STRING_WITH_STRINGS 1
| #define HAVE_FCNTL 1
| #define HAVE_GETPAGESIZE 1
| #define HAVE_SETITIMER 1
| #define HAVE_SYSCONF 1
| #define HAVE_FDOPEN 1
| #define HAVE_GETUID 1
| #define HAVE_GETGID 1
| #define HAVE_STRTOULL 1
| #define HAVE_DECL_BASENAME 0
| #define HAVE_DECL_FTELLO 1
| #define HAVE_DECL_FTELLO64 0
| #define HAVE_DECL_FSEEKO 1
| #define HAVE_DECL_FSEEKO64 0
| #define HAVE_DECL_FFS 1
| #define HAVE_DECL_FREE 1
| #define HAVE_DECL_GETENV 1
| #define HAVE_DECL_MALLOC 1
| #define HAVE_DECL_REALLOC 1
| #define HAVE_DECL_STPCPY 1
| #define HAVE_DECL_STRSTR 1
| #define HAVE_DECL_SNPRINTF 1
| #define HAVE_DECL_VSNPRINTF 1
| #define HAVE_FTELLO 1
| #define HAVE_FSEEKO 1
| /* end confdefs.h.  */
| /* Define fopen64 to an innocuous variant, in case <limits.h> declares fopen64.
|    For example, HP-UX 11i <limits.h> declares gettimeofday.  */
| #define fopen64 innocuous_fopen64
| 
| /* System header to define __stub macros and hopefully few prototypes,
|     which can conflict with char fopen64 (); below.
|     Prefer <limits.h> to <assert.h> if __STDC__ is defined, since
|     <limits.h> exists even on freestanding compilers.  */
| 
| #ifdef __STDC__
| # include <limits.h>
| #else
| # include <assert.h>
| #endif
| 
| #undef fopen64
| 
| /* Override any gcc2 internal prototype to avoid an error.  */
| #ifdef __cplusplus
| extern "C"
| {
| #endif
| /* We use char because int might match the return type of a gcc2
|    builtin and then its argument prototype would still apply.  */
| char fopen64 ();
| /* The GNU C library defines this for functions which it implements
|     to always fail with ENOSYS.  Some functions are actually named
|     something starting with __ and the normal name is an alias.  */
| #if defined (__stub_fopen64) || defined (__stub___fopen64)
| choke me
| #else
| char (*f) () = fopen64;
| #endif
| #ifdef __cplusplus
| }
| #endif
| 
| int
| main ()
| {
| return f != fopen64;
|   ;
|   return 0;
| }
configure:11276: result: no
configure:11287: checking for off_t
configure:11311: gcc -c -g -O2 -Wno-error  conftest.c >&5
configure:11317: $? = 0
configure:11321: test -z 
			 || test ! -s conftest.err
configure:11324: $? = 0
configure:11327: test -s conftest.o
configure:11330: $? = 0
configure:11341: result: yes
configure:11344: checking size of off_t
configure:11663: gcc -o conftest -g -O2 -Wno-error   conftest.c  >&5
configure:11666: $? = 0
configure:11668: ./conftest
configure:11671: $? = 0
configure:11694: result: 8
configure:11702: checking file_ptr type
configure:11711: result: BFD_HOST_64_BIT
configure:11731: checking for stdlib.h
configure:11736: result: yes
configure:11731: checking for unistd.h
configure:11736: result: yes
configure:11880: checking for getpagesize
configure:11968: result: yes
configure:11978: checking for working mmap
configure:12120: gcc -o conftest -g -O2 -Wno-error   conftest.c  >&5
configure:12123: $? = 0
configure:12125: ./conftest
configure:12128: $? = 0
configure:12142: result: yes
configure:12158: checking for madvise
configure:12215: gcc -o conftest -g -O2 -Wno-error   conftest.c  >&5
configure:12221: $? = 0
configure:12225: test -z 
			 || test ! -s conftest.err
configure:12228: $? = 0
configure:12231: test -s conftest
configure:12234: $? = 0
configure:12246: result: yes
configure:12158: checking for mprotect
configure:12215: gcc -o conftest -g -O2 -Wno-error   conftest.c  >&5
configure:12221: $? = 0
configure:12225: test -z 
			 || test ! -s conftest.err
configure:12228: $? = 0
configure:12231: test -s conftest
configure:12234: $? = 0
configure:12246: result: yes
configure:12398: creating ./config.status

## ---------------------- ##
## Running config.status. ##
## ---------------------- ##

This file was extended by config.status, which was
generated by GNU Autoconf 2.59.  Invocation command line was

  CONFIG_FILES    = 
  CONFIG_HEADERS  = 
  CONFIG_LINKS    = 
  CONFIG_COMMANDS = 
  $ ./config.status 

on Meghnas-MacBook-Pro-2.local

config.status:771: creating Makefile
config.status:771: creating doc/Makefile
config.status:771: creating bfd-in3.h
config.status:771: creating po/Makefile.in
config.status:868: creating config.h
config.status:1266: executing depfiles commands
config.status:1266: executing default-1 commands
config.status:1266: executing default commands

## ---------------- ##
## Cache variables. ##
## ---------------- ##

ac_cv_archive_cmds_needs_lc=yes
ac_cv_build=i386-apple-darwin18.6.0
ac_cv_build_alias=i386-apple-darwin18.6.0
ac_cv_c_compiler_gnu=yes
ac_cv_env_CC_set=set
ac_cv_env_CC_value=gcc
ac_cv_env_CFLAGS_set=set
ac_cv_env_CFLAGS_value='-g -O2 -Wno-error'
ac_cv_env_CPPFLAGS_set=
ac_cv_env_CPPFLAGS_value=
ac_cv_env_CPP_set=
ac_cv_env_CPP_value=
ac_cv_env_LDFLAGS_set=set
ac_cv_env_LDFLAGS_value=
ac_cv_env_build_alias_set=set
ac_cv_env_build_alias_value=i386-apple-darwin18.6.0
ac_cv_env_host_alias_set=set
ac_cv_env_host_alias_value=i386-apple-darwin18.6.0
ac_cv_env_target_alias_set=set
ac_cv_env_target_alias_value=mips-elf
ac_cv_exeext=
ac_cv_func_fcntl=yes
ac_cv_func_fdopen=yes
ac_cv_func_fopen64=no
ac_cv_func_fseeko=yes
ac_cv_func_fseeko64=no
ac_cv_func_ftello=yes
ac_cv_func_ftello64=no
ac_cv_func_getgid=yes
ac_cv_func_getpagesize=yes
ac_cv_func_getuid=yes
ac_cv_func_madvise=yes
ac_cv_func_mmap_fixed_mapped=yes
ac_cv_func_mprotect=yes
ac_cv_func_setitimer=yes
ac_cv_func_strtoull=yes
ac_cv_func_sysconf=yes
ac_cv_have_decl_basename=no
ac_cv_have_decl_ffs=yes
ac_cv_have_decl_free=yes
ac_cv_have_decl_fseeko=yes
ac_cv_have_decl_fseeko64=no
ac_cv_have_decl_ftello=yes
ac_cv_have_decl_ftello64=no
ac_cv_have_decl_getenv=yes
ac_cv_have_decl_malloc=yes
ac_cv_have_decl_realloc=yes
ac_cv_have_decl_snprintf=yes
ac_cv_have_decl_stpcpy=yes
ac_cv_have_decl_strstr=yes
ac_cv_have_decl_vsnprintf=yes
ac_cv_header_dirent_dirent_h=yes
ac_cv_header_fcntl_h=yes
ac_cv_header_inttypes_h=yes
ac_cv_header_memory_h=yes
ac_cv_header_stdc=yes
ac_cv_header_stddef_h=yes
ac_cv_header_stdint_h=yes
ac_cv_header_stdlib_h=yes
ac_cv_header_string_h=yes
ac_cv_header_strings_h=yes
ac_cv_header_sys_file_h=yes
ac_cv_header_sys_stat_h=yes
ac_cv_header_sys_time_h=yes
ac_cv_header_sys_types_h=yes
ac_cv_header_time=yes
ac_cv_header_time_h=yes
ac_cv_header_unistd_h=yes
ac_cv_host=i386-apple-darwin18.6.0
ac_cv_host_alias=i386-apple-darwin18.6.0
ac_cv_objext=o
ac_cv_path_GMSGFMT=/Users/meghna/anaconda3/bin/msgfmt
ac_cv_path_MSGFMT=/Users/meghna/anaconda3/bin/msgfmt
ac_cv_path_MSGMERGE=/Users/meghna/anaconda3/bin/msgmerge
ac_cv_path_XGETTEXT=/Users/meghna/anaconda3/bin/xgettext
ac_cv_prog_AR=ar
ac_cv_prog_AWK=awk
ac_cv_prog_CC=gcc
ac_cv_prog_CPP='gcc -E'
ac_cv_prog_RANLIB=ranlib
ac_cv_prog_ac_ct_STRIP=strip
ac_cv_prog_cc_can_build_shared=yes
ac_cv_prog_cc_g=yes
ac_cv_prog_cc_no_builtin=
ac_cv_prog_cc_pic='  -DPIC'
ac_cv_prog_cc_pic_works=yes
ac_cv_prog_cc_shlib=
ac_cv_prog_cc_static=
ac_cv_prog_cc_static_works=no
ac_cv_prog_cc_stdc=
ac_cv_prog_cc_wl=-Wl,
ac_cv_prog_egrep='grep -E'
ac_cv_prog_make_make_set=yes
ac_cv_search_opendir='none required'
ac_cv_search_strerror='none required'
ac_cv_sizeof_long=8
ac_cv_sizeof_long_long=8
ac_cv_sizeof_off_t=8
ac_cv_target=mips-unknown-elf
ac_cv_target_alias=mips-elf
ac_cv_type_long=yes
ac_cv_type_long_long=yes
ac_cv_type_off_t=yes
am_cv_CC_dependencies_compiler_type=none
bfd_cv_has_long_long=yes
gcc_cv_header_string=yes
lt_cv_compiler_c_o=yes
lt_cv_deplibs_check_method=pass_all
lt_cv_file_magic_cmd='/usr/bin/file -L'
lt_cv_file_magic_test_file=/usr/lib/libSystem.dylib
lt_cv_ld_reload_flag=-r
lt_cv_path_LD=/Library/Developer/CommandLineTools/usr/bin/ld
lt_cv_path_NM=nm
lt_cv_prog_cc_pic=-fno-common
lt_cv_prog_gnu_ld=no
lt_cv_sys_max_cmd_len=196608

## ----------------- ##
## Output variables. ##
## ----------------- ##

ACLOCAL='${SHELL} /Users/meghna/desktop/cs161/cs161-gdb-1.5/gdb-6.6+cs161/missing --run aclocal-1.9'
AMDEPBACKSLASH='\'
AMDEP_FALSE='#'
AMDEP_TRUE=''
AMTAR='${SHELL} /Users/meghna/desktop/cs161/cs161-gdb-1.5/gdb-6.6+cs161/missing --run tar'
AR='ar'
AUTOCONF='${SHELL} /Users/meghna/desktop/cs161/cs161-gdb-1.5/gdb-6.6+cs161/missing --run autoconf'
AUTOHEADER='${SHELL} /Users/meghna/desktop/cs161/cs161-gdb-1.5/gdb-6.6+cs161/missing --run autoheader'
AUTOMAKE='${SHELL} /Users/meghna/desktop/cs161/cs161-gdb-1.5/gdb-6.6+cs161/missing --run automake-1.9'
AWK='awk'
BFD_HOST_64BIT_LONG='1'
BFD_HOST_64_BIT='long'
BFD_HOST_64_BIT_DEFINED='1'
BFD_HOST_LONG_LONG='1'
BFD_HOST_U_64_BIT='unsigned long'
CATALOGS=' da.gmo es.gmo fr.gmo ja.gmo ro.gmo rw.gmo sv.gmo tr.gmo vi.gmo zh_CN.gmo da.gmo es.gmo fr.gmo ja.gmo ro.gmo rw.gmo sv.gmo tr.gmo vi.gmo zh_CN.gmo'
CATOBJEXT='.gmo'
CC='gcc'
CCDEPMODE='depmode=none'
CC_FOR_BUILD='gcc'
CFLAGS='-g -O2 -Wno-error'
COREFILE=''
COREFLAG=''
CPP='gcc -E'
CPPFLAGS=''
CYGPATH_W='echo'
DATADIRNAME='share'
DEFS='-DHAVE_CONFIG_H'
DEPDIR='.deps'
ECHO_C='ECHO_N=''
ECHO_T=''
EGREP='grep -E'
EXEEXT=''
EXEEXT_FOR_BUILD='$(EXEEXT)'
GENCAT='gencat'
GMSGFMT='/Users/meghna/anaconda3/bin/msgfmt'
HDEFINES=''
INCINTL=''
INSTALL_DATA='/usr/bin/install -c -m 644'
INSTALL_LIBBFD_FALSE=''
INSTALL_LIBBFD_TRUE='#'
INSTALL_PROGRAM='/usr/bin/install -c'
INSTALL_SCRIPT='/usr/bin/install -c'
INSTALL_STRIP_PROGRAM='${SHELL} $(install_sh) -c -s'
INSTOBJEXT='.mo'
LDFLAGS=''
LIBINTL='-lintl'
LIBINTL_DEP=''
LIBOBJS=''
LIBS=''
LIBTOOL='$(SHELL) $(top_builddir)/libtool'
LN_S='ln -s'
LTLIBOBJS=''
MAINT='#'
MAINTAINER_MODE_FALSE=''
MAINTAINER_MODE_TRUE='#'
MAKEINFO='makeinfo --split-size=5000000'
MKINSTALLDIRS='/Users/meghna/desktop/cs161/cs161-gdb-1.5/./gdb-6.6+cs161/bfd/../mkinstalldirs'
MSGFMT='/Users/meghna/anaconda3/bin/msgfmt'
MSGMERGE='/Users/meghna/anaconda3/bin/msgmerge'
NO_WERROR='-Wno-error'
OBJEXT='o'
PACKAGE='bfd'
PACKAGE_BUGREPORT=''
PACKAGE_NAME=''
PACKAGE_STRING=''
PACKAGE_TARNAME=''
PACKAGE_VERSION=''
PATH_SEPARATOR=':'
POSUB='po'
RANLIB='ranlib'
SET_MAKE=''
SHELL='/bin/sh'
STRIP='strip'
TDEFINES=' '
USE_NLS='yes'
VERSION='2.17.50'
WARN_CFLAGS='-W -Wall -Wstrict-prototypes -Wmissing-prototypes -Werror'
WIN32LDFLAGS=''
WIN32LIBADD=''
XGETTEXT='/Users/meghna/anaconda3/bin/xgettext'
ac_ct_AR=''
ac_ct_CC=''
ac_ct_RANLIB=''
ac_ct_STRIP='strip'
all_backends='$(BFD64_BACKENDS) $(BFD32_BACKENDS)'
am__fastdepCC_FALSE=''
am__fastdepCC_TRUE='#'
am__include='include'
am__leading_dot='.'
am__quote=''
am__tar='${AMTAR} chof - "$$tardir"'
am__untar='${AMTAR} xf -'
bfd_backends=' elf32-mips.lo elfxx-mips.lo elf-vxworks.lo elf32.lo elf.lo elflink.lo elf-strtab.lo elf-eh-frame.lo dwarf1.lo ecofflink.lo elf64-mips.lo elf64.lo elf64-gen.lo elf32-gen.lo'
bfd_default_target_size='32'
bfd_file_ptr='BFD_HOST_64_BIT'
bfd_libs='$(BFD64_LIBS) $(BFD32_LIBS)'
bfd_machines=' cpu-mips.lo'
bfd_ufile_ptr='BFD_HOST_U_64_BIT'
bfdincludedir='$(exec_prefix)/$(host_noncanonical)/$(target_noncanonical)/include'
bfdlibdir='$(exec_prefix)/$(host_noncanonical)/$(target_noncanonical)/lib'
bindir='${exec_prefix}/bin'
build='i386-apple-darwin18.6.0'
build_alias='i386-apple-darwin18.6.0'
build_cpu='i386'
build_os='darwin18.6.0'
build_vendor='apple'
datadir='${prefix}/share'
datarootdir='/Users/meghna/cs161/tools/share'
docdir='/Users/meghna/cs161/tools/share/doc'
exec_prefix='${prefix}'
host='i386-apple-darwin18.6.0'
host_alias='i386-apple-darwin18.6.0'
host_cpu='i386'
host_noncanonical='i386-apple-darwin18.6.0'
host_os='darwin18.6.0'
host_vendor='apple'
htmldir='/Users/meghna/cs161/tools/share/doc'
includedir='${prefix}/include'
infodir='${prefix}/info'
install_sh='/Users/meghna/desktop/cs161/cs161-gdb-1.5/gdb-6.6+cs161/install-sh'
libdir='${exec_prefix}/lib'
libexecdir='${exec_prefix}/libexec'
localstatedir='${prefix}/var'
mandir='${prefix}/man'
mkdir_p='$(mkinstalldirs)'
oldincludedir='/usr/include'
prefix='/Users/meghna/cs161/tools'
program_transform_name='s,^,mips-elf-,;'
sbindir='${exec_prefix}/sbin'
sharedstatedir='${prefix}/com'
sysconfdir='${prefix}/etc'
target='mips-unknown-elf'
target_alias='mips-elf'
target_cpu='mips'
target_noncanonical='mips-elf'
target_os='elf'
target_vendor='unknown'
tdefaults=' -DDEFAULT_VECTOR=bfd_elf32_bigmips_vec -DSELECT_VECS='&bfd_elf32_bigmips_vec,&bfd_elf32_littlemips_vec,&bfd_elf64_bigmips_vec,&bfd_elf64_littlemips_vec,&bfd_elf64_little_generic_vec,&bfd_elf64_big_generic_vec,&bfd_elf32_little_generic_vec,&bfd_elf32_big_generic_vec' -DSELECT_ARCHITECTURES='&bfd_mips_arch' -DHAVE_bfd_elf32_bigmips_vec -DHAVE_bfd_elf32_littlemips_vec -DHAVE_bfd_elf64_bigmips_vec -DHAVE_bfd_elf64_littlemips_vec -DHAVE_bfd_elf64_little_generic_vec -DHAVE_bfd_elf64_big_generic_vec -DHAVE_bfd_elf32_little_generic_vec -DHAVE_bfd_elf32_big_generic_vec'
wordsize='64'

## ----------- ##
## confdefs.h. ##
## ----------- ##

#define ENABLE_NLS 1
#define HAVE_DECL_BASENAME 0
#define HAVE_DECL_FFS 1
#define HAVE_DECL_FREE 1
#define HAVE_DECL_FSEEKO 1
#define HAVE_DECL_FSEEKO64 0
#define HAVE_DECL_FTELLO 1
#define HAVE_DECL_FTELLO64 0
#define HAVE_DECL_GETENV 1
#define HAVE_DECL_MALLOC 1
#define HAVE_DECL_REALLOC 1
#define HAVE_DECL_SNPRINTF 1
#define HAVE_DECL_STPCPY 1
#define HAVE_DECL_STRSTR 1
#define HAVE_DECL_VSNPRINTF 1
#define HAVE_DIRENT_H 1
#define HAVE_FCNTL 1
#define HAVE_FCNTL_H 1
#define HAVE_FDOPEN 1
#define HAVE_FSEEKO 1
#define HAVE_FTELLO 1
#define HAVE_GETGID 1
#define HAVE_GETPAGESIZE 1
#define HAVE_GETPAGESIZE 1
#define HAVE_GETUID 1
#define HAVE_INTTYPES_H 1
#define HAVE_MADVISE 1
#define HAVE_MEMORY_H 1
#define HAVE_MMAP 1
#define HAVE_MPROTECT 1
#define HAVE_SETITIMER 1
#define HAVE_STDDEF_H 1
#define HAVE_STDINT_H 1
#define HAVE_STDLIB_H 1
#define HAVE_STDLIB_H 1
#define HAVE_STDLIB_H 1
#define HAVE_STRINGS_H 1
#define HAVE_STRINGS_H 1
#define HAVE_STRING_H 1
#define HAVE_STRING_H 1
#define HAVE_STRTOULL 1
#define HAVE_SYSCONF 1
#define HAVE_SYS_FILE_H 1
#define HAVE_SYS_STAT_H 1
#define HAVE_SYS_TIME_H 1
#define HAVE_SYS_TYPES_H 1
#define HAVE_TIME_H 1
#define HAVE_UNISTD_H 1
#define HAVE_UNISTD_H 1
#define HAVE_UNISTD_H 1
#define PACKAGE "bfd"
#define PACKAGE_BUGREPORT ""
#define PACKAGE_NAME ""
#define PACKAGE_STRING ""
#define PACKAGE_TARNAME ""
#define PACKAGE_VERSION ""
#define SIZEOF_LONG 8
#define SIZEOF_LONG_LONG 8
#define SIZEOF_OFF_T 8
#define STDC_HEADERS 1
#define STRING_WITH_STRINGS 1
#define TIME_WITH_SYS_TIME 1
#define VERSION "2.17.50"
#define _GNU_SOURCE 1

configure: exit 0

## ---------------------- ##
## Running config.status. ##
## ---------------------- ##

This file was extended by config.status, which was
generated by GNU Autoconf 2.59.  Invocation command line was

  CONFIG_FILES    = po/Makefile.in:po/Make-in
  CONFIG_HEADERS  = 
  CONFIG_LINKS    = 
  CONFIG_COMMANDS = 
  $ ./config.status 

on Meghnas-MacBook-Pro-2.local

config.status:771: creating po/Makefile.in
config.status:1266: executing depfiles commands
config.status:1266: executing default-1 commands
config.status:1266: executing default commands
